2022-11-02 17:07:38,053 Ackley.tabu - Empieza ejecucion TABU: 
2022-11-02 17:07:38,358 Ackley.tabu - El tiempo total de ejecucion en ms es: 304.191833
2022-11-02 17:07:38,359 Ackley.tabu - Funcion:Ackley
2022-11-02 17:07:38,359 Ackley.tabu - RangoInf: -32768.0
2022-11-02 17:07:38,360 Ackley.tabu - RangoSup: 32768.0
2022-11-02 17:07:38,360 Ackley.tabu - El coste del algoritmo tabu es:20.55892820247413
2022-11-02 17:07:38,361 Ackley.tabu - El numero de iteraciones recorridas es:1000
2022-11-02 17:07:38,362 Ackley.tabu - El vector seria: [22710.995357171258, 23222.48681737528, 14720.636741484299, 20800.19555222484, 20941.85670158729, 22829.317867079324, 26195.570678250075, 22476.65414325308, 21402.336073480514, 17495.04488399752]
2022-11-02 17:07:38,362 Ackley.tabu - La semilla es:76589227
2022-11-02 17:07:38,363 Ackley.tabu - Empieza ejecucion TABU: 
2022-11-02 17:07:38,659 Ackley.tabu - El tiempo total de ejecucion en ms es: 297.056375
2022-11-02 17:07:38,660 Ackley.tabu - Funcion:Ackley
2022-11-02 17:07:38,660 Ackley.tabu - RangoInf: -32768.0
2022-11-02 17:07:38,660 Ackley.tabu - RangoSup: 32768.0
2022-11-02 17:07:38,660 Ackley.tabu - El coste del algoritmo tabu es:20.6020294422707
2022-11-02 17:07:38,660 Ackley.tabu - El numero de iteraciones recorridas es:1000
2022-11-02 17:07:38,660 Ackley.tabu - El vector seria: [24291.45747972224, 27651.708627634198, 17606.50973638436, 29666.81642316985, 30872.566440837607, 19035.26993836185, 14874.653609039728, 24706.30573592666, 25149.61311245778, 24659.161750533272]
2022-11-02 17:07:38,660 Ackley.tabu - La semilla es:77658922
2022-11-02 17:07:38,660 Ackley.tabu - Empieza ejecucion TABU: 
2022-11-02 17:07:38,962 Ackley.tabu - El tiempo total de ejecucion en ms es: 301.014542
2022-11-02 17:07:38,964 Ackley.tabu - Funcion:Ackley
2022-11-02 17:07:38,965 Ackley.tabu - RangoInf: -32768.0
2022-11-02 17:07:38,966 Ackley.tabu - RangoSup: 32768.0
2022-11-02 17:07:38,967 Ackley.tabu - El coste del algoritmo tabu es:20.32109572018392
2022-11-02 17:07:38,967 Ackley.tabu - El numero de iteraciones recorridas es:1000
2022-11-02 17:07:38,970 Ackley.tabu - El vector seria: [23253.61977812758, 25239.729846419683, 26592.188918448694, 30979.609819888894, 18737.034407276118, 21858.17084889116, 20529.79846651458, 25771.65727660928, 30444.216482154126, 19939.918228343686]
2022-11-02 17:07:38,971 Ackley.tabu - La semilla es:27765892
2022-11-02 17:07:38,971 Ackley.tabu - Empieza ejecucion TABU: 
2022-11-02 17:07:39,235 Ackley.tabu - El tiempo total de ejecucion en ms es: 263.459209
2022-11-02 17:07:39,236 Ackley.tabu - Funcion:Ackley
2022-11-02 17:07:39,237 Ackley.tabu - RangoInf: -32768.0
2022-11-02 17:07:39,238 Ackley.tabu - RangoSup: 32768.0
2022-11-02 17:07:39,238 Ackley.tabu - El coste del algoritmo tabu es:20.632300769131604
2022-11-02 17:07:39,240 Ackley.tabu - El numero de iteraciones recorridas es:1000
2022-11-02 17:07:39,241 Ackley.tabu - El vector seria: [20376.937568351594, 19024.691957751955, 25305.646612257107, 10729.721665640358, 22357.47876876184, 28156.025090933294, 16273.966952681263, 21118.136329377507, 17375.97350046858, 29039.30540100623]
2022-11-02 17:07:39,241 Ackley.tabu - La semilla es:22776589
2022-11-02 17:07:39,242 Ackley.tabu - Empieza ejecucion TABU: 
2022-11-02 17:07:39,523 Ackley.tabu - El tiempo total de ejecucion en ms es: 280.09625
2022-11-02 17:07:39,525 Ackley.tabu - Funcion:Ackley
2022-11-02 17:07:39,527 Ackley.tabu - RangoInf: -32768.0
2022-11-02 17:07:39,528 Ackley.tabu - RangoSup: 32768.0
2022-11-02 17:07:39,529 Ackley.tabu - El coste del algoritmo tabu es:20.733798506317758
2022-11-02 17:07:39,529 Ackley.tabu - El numero de iteraciones recorridas es:1000
2022-11-02 17:07:39,530 Ackley.tabu - El vector seria: [29345.4367073142, 21827.553838020656, 29321.667881772246, 30977.596581195878, 29339.61614127978, 27254.946648709352, 28298.916295785042, 27634.961937371518, 25703.53301701899, 15032.2659577592]
2022-11-02 17:07:39,531 Ackley.tabu - La semilla es:92277658
