2022-11-02 17:07:38,038 Ackley.blk - Empieza ejecucion algoritmo BLK: 
2022-11-02 17:07:38,040 Ackley.blk - El tiempo total de ejecucion en ms es: 2.214292
2022-11-02 17:07:38,041 Ackley.blk - Funcion:Ackley
2022-11-02 17:07:38,041 Ackley.blk - RangoInf: -32768.0
2022-11-02 17:07:38,041 Ackley.blk - RangoSup: 32768.0
2022-11-02 17:07:38,041 Ackley.blk - El coste del algoritmo BLk es:21.53759173037358
2022-11-02 17:07:38,042 Ackley.blk - El numero de iteraciones recorridas es:3
2022-11-02 17:07:38,042 Ackley.blk - El vector seria: [29586.4752927893, 30110.82117923191, 28731.032333859315, 31034.279143125015, 26646.960430758383, 30812.582542860306, 32449.462613395328, 28089.373304570454, 30059.12766638735, 28094.852555231715]
2022-11-02 17:07:38,042 Ackley.blk - La semilla es:76589227
2022-11-02 17:07:38,042 Ackley.blk - Empieza ejecucion algoritmo BLK: 
2022-11-02 17:07:38,044 Ackley.blk - El tiempo total de ejecucion en ms es: 1.070459
2022-11-02 17:07:38,045 Ackley.blk - Funcion:Ackley
2022-11-02 17:07:38,045 Ackley.blk - RangoInf: -32768.0
2022-11-02 17:07:38,045 Ackley.blk - RangoSup: 32768.0
2022-11-02 17:07:38,045 Ackley.blk - El coste del algoritmo BLk es:21.378227574660844
2022-11-02 17:07:38,045 Ackley.blk - El numero de iteraciones recorridas es:1
2022-11-02 17:07:38,045 Ackley.blk - El vector seria: [17744.254344828267, 18183.739803449473, 31766.050193200663, 28503.17757420007, 31316.793330891243, 24634.955073735713, -11720.362025985218, 28204.175653515347, 31050.697814311334, 29440.637687021375]
2022-11-02 17:07:38,045 Ackley.blk - La semilla es:77658922
2022-11-02 17:07:38,045 Ackley.blk - Empieza ejecucion algoritmo BLK: 
2022-11-02 17:07:38,046 Ackley.blk - El tiempo total de ejecucion en ms es: 0.2385
2022-11-02 17:07:38,047 Ackley.blk - Funcion:Ackley
2022-11-02 17:07:38,048 Ackley.blk - RangoInf: -32768.0
2022-11-02 17:07:38,048 Ackley.blk - RangoSup: 32768.0
2022-11-02 17:07:38,048 Ackley.blk - El coste del algoritmo BLk es:21.30338733393255
2022-11-02 17:07:38,048 Ackley.blk - El numero de iteraciones recorridas es:1
2022-11-02 17:07:38,048 Ackley.blk - El vector seria: [27138.632522292955, 28194.836007014033, 31393.578187724084, 11663.030763910025, -379.3119096213268, 29369.294087562437, 28191.850087507733, 31208.389552303677, 32222.641919147314, -1277.1746757272495]
2022-11-02 17:07:38,048 Ackley.blk - La semilla es:27765892
2022-11-02 17:07:38,048 Ackley.blk - Empieza ejecucion algoritmo BLK: 
2022-11-02 17:07:38,049 Ackley.blk - El tiempo total de ejecucion en ms es: 0.31575
2022-11-02 17:07:38,049 Ackley.blk - Funcion:Ackley
2022-11-02 17:07:38,049 Ackley.blk - RangoInf: -32768.0
2022-11-02 17:07:38,049 Ackley.blk - RangoSup: 32768.0
2022-11-02 17:07:38,049 Ackley.blk - El coste del algoritmo BLk es:21.406801505778738
2022-11-02 17:07:38,049 Ackley.blk - El numero de iteraciones recorridas es:1
2022-11-02 17:07:38,049 Ackley.blk - El vector seria: [28938.68592637172, 29651.766460139483, 29816.405298759237, 31325.64358911882, -30798.921715750734, 31840.78963669269, 26276.471456283423, 26080.32231393744, 30231.036439690008, 24501.688430534126]
2022-11-02 17:07:38,049 Ackley.blk - La semilla es:22776589
2022-11-02 17:07:38,049 Ackley.blk - Empieza ejecucion algoritmo BLK: 
2022-11-02 17:07:38,050 Ackley.blk - El tiempo total de ejecucion en ms es: 0.947208
2022-11-02 17:07:38,050 Ackley.blk - Funcion:Ackley
2022-11-02 17:07:38,050 Ackley.blk - RangoInf: -32768.0
2022-11-02 17:07:38,050 Ackley.blk - RangoSup: 32768.0
2022-11-02 17:07:38,051 Ackley.blk - El coste del algoritmo BLk es:21.569283404064617
2022-11-02 17:07:38,051 Ackley.blk - El numero de iteraciones recorridas es:2
2022-11-02 17:07:38,051 Ackley.blk - El vector seria: [32488.526705941626, 30867.37324451648, -33906.51123823077, 32143.286853095866, 32712.398493682114, 22986.890754881595, 31445.217755516715, 22082.164693245526, 26793.791396454988, 32622.03215620719]
2022-11-02 17:07:38,051 Ackley.blk - La semilla es:92277658
