2022-11-02 17:07:38,001 Ackley.bl3 - Empieza ejecucion algoritmo BL3: 
2022-11-02 17:07:38,012 Ackley.bl3 - El tiempo total de ejecucion en ms es: 2.611125
2022-11-02 17:07:38,015 Ackley.bl3 - Funcion:Ackley
2022-11-02 17:07:38,015 Ackley.bl3 - RangoInf: -32768.0
2022-11-02 17:07:38,015 Ackley.bl3 - RangoSup: 32768.0
2022-11-02 17:07:38,015 Ackley.bl3 - El coste del algoritmo BL3 es:21.43687028181956
2022-11-02 17:07:38,024 Ackley.bl3 - El numero de iteraciones recorridas es:1
2022-11-02 17:07:38,025 Ackley.bl3 - El vector seria: [-3984.20984659244, 31622.025945574504, 21922.385902272606, 2381.7632086954545, 1352.603930346415, 15231.946732737815, 27914.165665394525, 20668.493650839722, 29820.15470474746, 28015.85922077478]
2022-11-02 17:07:38,032 Ackley.bl3 - La semilla es:76589227
2022-11-02 17:07:38,032 Ackley.bl3 - Empieza ejecucion algoritmo BL3: 
2022-11-02 17:07:38,032 Ackley.bl3 - El tiempo total de ejecucion en ms es: 0.121791
2022-11-02 17:07:38,032 Ackley.bl3 - Funcion:Ackley
2022-11-02 17:07:38,033 Ackley.bl3 - RangoInf: -32768.0
2022-11-02 17:07:38,033 Ackley.bl3 - RangoSup: 32768.0
2022-11-02 17:07:38,033 Ackley.bl3 - El coste del algoritmo BL3 es:21.630346701823843
2022-11-02 17:07:38,033 Ackley.bl3 - El numero de iteraciones recorridas es:0
2022-11-02 17:07:38,033 Ackley.bl3 - El vector seria: [10082.610524750133, 6263.339143586745, 18444.98740515182, 8302.135924270551, 14390.69632306914, 23457.532412282337, -22835.94067534527, -32333.279865216296, -20006.112728188127, 27621.20239553252]
2022-11-02 17:07:38,033 Ackley.bl3 - La semilla es:77658922
2022-11-02 17:07:38,033 Ackley.bl3 - Empieza ejecucion algoritmo BL3: 
2022-11-02 17:07:38,033 Ackley.bl3 - El tiempo total de ejecucion en ms es: 0.328208
2022-11-02 17:07:38,033 Ackley.bl3 - Funcion:Ackley
2022-11-02 17:07:38,033 Ackley.bl3 - RangoInf: -32768.0
2022-11-02 17:07:38,033 Ackley.bl3 - RangoSup: 32768.0
2022-11-02 17:07:38,033 Ackley.bl3 - El coste del algoritmo BL3 es:21.512668098607673
2022-11-02 17:07:38,033 Ackley.bl3 - El numero de iteraciones recorridas es:1
2022-11-02 17:07:38,034 Ackley.bl3 - El vector seria: [31840.63294670459, 30492.353696271843, 21498.647346057027, -36350.02137350787, 27858.76890522618, 26739.50395082322, 22932.354901268092, -29906.82865633053, 31521.332778719363, -3523.7525845890414]
2022-11-02 17:07:38,034 Ackley.bl3 - La semilla es:27765892
2022-11-02 17:07:38,034 Ackley.bl3 - Empieza ejecucion algoritmo BL3: 
2022-11-02 17:07:38,034 Ackley.bl3 - El tiempo total de ejecucion en ms es: 0.109542
2022-11-02 17:07:38,035 Ackley.bl3 - Funcion:Ackley
2022-11-02 17:07:38,036 Ackley.bl3 - RangoInf: -32768.0
2022-11-02 17:07:38,036 Ackley.bl3 - RangoSup: 32768.0
2022-11-02 17:07:38,036 Ackley.bl3 - El coste del algoritmo BL3 es:21.584965452163246
2022-11-02 17:07:38,036 Ackley.bl3 - El numero de iteraciones recorridas es:1
2022-11-02 17:07:38,037 Ackley.bl3 - El vector seria: [30810.583834336947, 8253.449720146891, 25518.73741163095, 20396.284183786258, -19157.509348538995, 29350.964542168273, 25110.81888816697, -2255.6022627551356, 28034.42689040394, 3441.3034063735595]
2022-11-02 17:07:38,037 Ackley.bl3 - La semilla es:22776589
2022-11-02 17:07:38,037 Ackley.bl3 - Empieza ejecucion algoritmo BL3: 
2022-11-02 17:07:38,037 Ackley.bl3 - El tiempo total de ejecucion en ms es: 0.082792
2022-11-02 17:07:38,037 Ackley.bl3 - Funcion:Ackley
2022-11-02 17:07:38,037 Ackley.bl3 - RangoInf: -32768.0
2022-11-02 17:07:38,037 Ackley.bl3 - RangoSup: 32768.0
2022-11-02 17:07:38,037 Ackley.bl3 - El coste del algoritmo BL3 es:21.358194263980586
2022-11-02 17:07:38,037 Ackley.bl3 - El numero de iteraciones recorridas es:1
2022-11-02 17:07:38,037 Ackley.bl3 - El vector seria: [18961.654691371605, 24454.27184578401, 26375.69783379399, 30662.007824529006, 21982.353183960862, 30185.0846623783, 23801.081290598435, -1861.7370601576931, 16851.025875829648, -10761.959049604688]
2022-11-02 17:07:38,037 Ackley.bl3 - La semilla es:92277658
