2022-11-02 17:07:58,847 Schew.bl3 - Empieza ejecucion algoritmo BL3: 
2022-11-02 17:07:58,848 Schew.bl3 - El tiempo total de ejecucion en ms es: 0.739666
2022-11-02 17:07:58,848 Schew.bl3 - Funcion:Schew
2022-11-02 17:07:58,848 Schew.bl3 - RangoInf: -500.0
2022-11-02 17:07:58,848 Schew.bl3 - RangoSup: 500.0
2022-11-02 17:07:58,848 Schew.bl3 - El coste del algoritmo BL3 es:924040.8431069741
2022-11-02 17:07:58,848 Schew.bl3 - El numero de iteraciones recorridas es:1
2022-11-02 17:07:58,848 Schew.bl3 - El vector seria: [-47.24534778387097, -171.59699138195504, 496.2734231972513, -461.4998978977191, 490.78804544137597, -44.08676676776999, 376.9205194538017, 439.3734758581085, -2.9686518959271524, 490.2601657335222]
2022-11-02 17:07:58,848 Schew.bl3 - La semilla es:76589227
2022-11-02 17:07:58,848 Schew.bl3 - Empieza ejecucion algoritmo BL3: 
2022-11-02 17:07:58,848 Schew.bl3 - El tiempo total de ejecucion en ms es: 0.015875
2022-11-02 17:07:58,848 Schew.bl3 - Funcion:Schew
2022-11-02 17:07:58,848 Schew.bl3 - RangoInf: -500.0
2022-11-02 17:07:58,848 Schew.bl3 - RangoSup: 500.0
2022-11-02 17:07:58,848 Schew.bl3 - El coste del algoritmo BL3 es:487898.15412746894
2022-11-02 17:07:58,848 Schew.bl3 - El numero de iteraciones recorridas es:0
2022-11-02 17:07:58,848 Schew.bl3 - El vector seria: [239.80434470382988, 3.6876984784073557, 114.62837388894354, -474.2052921311265, -401.1392152806178, 121.70022277160808, -95.40804301047143, -133.1067775654223, 143.06665375849332, -137.33296181079425]
2022-11-02 17:07:58,848 Schew.bl3 - La semilla es:77658922
2022-11-02 17:07:58,848 Schew.bl3 - Empieza ejecucion algoritmo BL3: 
2022-11-02 17:07:58,848 Schew.bl3 - El tiempo total de ejecucion en ms es: 0.018083
2022-11-02 17:07:58,848 Schew.bl3 - Funcion:Schew
2022-11-02 17:07:58,848 Schew.bl3 - RangoInf: -500.0
2022-11-02 17:07:58,848 Schew.bl3 - RangoSup: 500.0
2022-11-02 17:07:58,848 Schew.bl3 - El coste del algoritmo BL3 es:690131.0041733518
2022-11-02 17:07:58,848 Schew.bl3 - El numero de iteraciones recorridas es:1
2022-11-02 17:07:58,848 Schew.bl3 - El vector seria: [477.11244455494744, -71.79856380437502, 65.81328676448345, 484.41867704888, 364.65473458271833, 451.02235237564946, 402.96416968806443, 342.76298509305127, -417.62293902712054, 45.363782636136705]
2022-11-02 17:07:58,848 Schew.bl3 - La semilla es:27765892
2022-11-02 17:07:58,848 Schew.bl3 - Empieza ejecucion algoritmo BL3: 
2022-11-02 17:07:58,848 Schew.bl3 - El tiempo total de ejecucion en ms es: 0.0175
2022-11-02 17:07:58,848 Schew.bl3 - Funcion:Schew
2022-11-02 17:07:58,848 Schew.bl3 - RangoInf: -500.0
2022-11-02 17:07:58,848 Schew.bl3 - RangoSup: 500.0
2022-11-02 17:07:58,848 Schew.bl3 - El coste del algoritmo BL3 es:388543.17344395723
2022-11-02 17:07:58,848 Schew.bl3 - El numero de iteraciones recorridas es:0
2022-11-02 17:07:58,848 Schew.bl3 - El vector seria: [144.2428104160473, 92.18628404215849, 190.15822416131073, 362.20461789899684, 11.652828867128903, -36.890084226398926, 386.32349401649185, 284.3783040489294, -127.23553252588363, 274.3256340774095]
2022-11-02 17:07:58,848 Schew.bl3 - La semilla es:22776589
2022-11-02 17:07:58,848 Schew.bl3 - Empieza ejecucion algoritmo BL3: 
2022-11-02 17:07:58,848 Schew.bl3 - El tiempo total de ejecucion en ms es: 0.017917
2022-11-02 17:07:58,848 Schew.bl3 - Funcion:Schew
2022-11-02 17:07:58,848 Schew.bl3 - RangoInf: -500.0
2022-11-02 17:07:58,848 Schew.bl3 - RangoSup: 500.0
2022-11-02 17:07:58,848 Schew.bl3 - El coste del algoritmo BL3 es:388640.3363620313
2022-11-02 17:07:58,848 Schew.bl3 - El numero de iteraciones recorridas es:1
2022-11-02 17:07:58,848 Schew.bl3 - El vector seria: [477.2455113458019, 473.8834599687608, 286.99261614994566, 331.60230396760807, 391.7839854066202, 485.54712547496797, -485.91998613900824, -32.97659702508654, 208.94641482002237, 397.7287280446896]
2022-11-02 17:07:58,848 Schew.bl3 - La semilla es:92277658
