2022-11-02 17:07:58,848 Schew.blk - Empieza ejecucion algoritmo BLK: 
2022-11-02 17:07:58,848 Schew.blk - El tiempo total de ejecucion en ms es: 0.087334
2022-11-02 17:07:58,848 Schew.blk - Funcion:Schew
2022-11-02 17:07:58,848 Schew.blk - RangoInf: -500.0
2022-11-02 17:07:58,848 Schew.blk - RangoSup: 500.0
2022-11-02 17:07:58,848 Schew.blk - El coste del algoritmo BLk es:122271.94101367937
2022-11-02 17:07:58,848 Schew.blk - El numero de iteraciones recorridas es:2
2022-11-02 17:07:58,848 Schew.blk - El vector seria: [445.18367209707947, 431.54651443768404, 434.2940235169932, 494.98830488408464, 408.1165646366172, 328.8928709924072, 490.35305608430923, 422.1481391338967, 460.93497144842087, 464.5513775639009]
2022-11-02 17:07:58,848 Schew.blk - La semilla es:76589227
2022-11-02 17:07:58,848 Schew.blk - Empieza ejecucion algoritmo BLK: 
2022-11-02 17:07:58,848 Schew.blk - El tiempo total de ejecucion en ms es: 0.053708
2022-11-02 17:07:58,848 Schew.blk - Funcion:Schew
2022-11-02 17:07:58,848 Schew.blk - RangoInf: -500.0
2022-11-02 17:07:58,848 Schew.blk - RangoSup: 500.0
2022-11-02 17:07:58,848 Schew.blk - El coste del algoritmo BLk es:157001.98019580636
2022-11-02 17:07:58,848 Schew.blk - El numero de iteraciones recorridas es:2
2022-11-02 17:07:58,848 Schew.blk - El vector seria: [481.43849687644655, 354.5725399782661, 412.8062752275223, 488.52093309931746, 418.77282695428784, 441.0428038029422, 461.84325412020667, 488.7488560094373, 444.7372070014004, 485.6033572925888]
2022-11-02 17:07:58,848 Schew.blk - La semilla es:77658922
2022-11-02 17:07:58,848 Schew.blk - Empieza ejecucion algoritmo BLK: 
2022-11-02 17:07:58,848 Schew.blk - El tiempo total de ejecucion en ms es: 0.044917
2022-11-02 17:07:58,848 Schew.blk - Funcion:Schew
2022-11-02 17:07:58,848 Schew.blk - RangoInf: -500.0
2022-11-02 17:07:58,848 Schew.blk - RangoSup: 500.0
2022-11-02 17:07:58,848 Schew.blk - El coste del algoritmo BLk es:239650.82198915095
2022-11-02 17:07:58,848 Schew.blk - El numero de iteraciones recorridas es:2
2022-11-02 17:07:58,848 Schew.blk - El vector seria: [465.23478034366246, 479.596770914982, 334.02497620153696, 420.84180959745834, 412.33733638636113, 323.91448934403513, 488.04858924595146, 491.6539678514352, 485.1397937029215, 491.5174051536322]
2022-11-02 17:07:58,848 Schew.blk - La semilla es:27765892
2022-11-02 17:07:58,848 Schew.blk - Empieza ejecucion algoritmo BLK: 
2022-11-02 17:07:58,848 Schew.blk - El tiempo total de ejecucion en ms es: 0.034584
2022-11-02 17:07:58,848 Schew.blk - Funcion:Schew
2022-11-02 17:07:58,848 Schew.blk - RangoInf: -500.0
2022-11-02 17:07:58,848 Schew.blk - RangoSup: 500.0
2022-11-02 17:07:58,848 Schew.blk - El coste del algoritmo BLk es:102380.85152519902
2022-11-02 17:07:58,848 Schew.blk - El numero de iteraciones recorridas es:1
2022-11-02 17:07:58,848 Schew.blk - El vector seria: [464.2028020730807, 483.8952968385873, 450.5208969246662, 172.96198474955443, 433.6975867781857, 477.9991403392779, 469.6158218915705, 491.6673710059872, 449.53700132421744, 442.27524968059737]
2022-11-02 17:07:58,849 Schew.blk - La semilla es:22776589
2022-11-02 17:07:58,849 Schew.blk - Empieza ejecucion algoritmo BLK: 
2022-11-02 17:07:58,849 Schew.blk - El tiempo total de ejecucion en ms es: 0.016709
2022-11-02 17:07:58,849 Schew.blk - Funcion:Schew
2022-11-02 17:07:58,849 Schew.blk - RangoInf: -500.0
2022-11-02 17:07:58,849 Schew.blk - RangoSup: 500.0
2022-11-02 17:07:58,849 Schew.blk - El coste del algoritmo BLk es:958031.45445905
2022-11-02 17:07:58,849 Schew.blk - El numero de iteraciones recorridas es:0
2022-11-02 17:07:58,849 Schew.blk - El vector seria: [497.25773113720595, -167.46102751670622, 2.2224653501718876, -195.45800409725535, -222.3830647020111, 292.45306980538317, 292.3641373055316, -437.5636594056598, -361.77425575403856, 199.17323312615338]
2022-11-02 17:07:58,849 Schew.blk - La semilla es:92277658
