2022-11-02 17:07:56,320 Rotated.bl3 - Empieza ejecucion algoritmo BL3: 
2022-11-02 17:07:56,321 Rotated.bl3 - El tiempo total de ejecucion en ms es: 0.709208
2022-11-02 17:07:56,321 Rotated.bl3 - Funcion:Rotated
2022-11-02 17:07:56,321 Rotated.bl3 - RangoInf: -65.536
2022-11-02 17:07:56,321 Rotated.bl3 - RangoSup: 65.536
2022-11-02 17:07:56,321 Rotated.bl3 - El coste del algoritmo BL3 es:3659.5056761280835
2022-11-02 17:07:56,321 Rotated.bl3 - El numero de iteraciones recorridas es:6
2022-11-02 17:07:56,321 Rotated.bl3 - El vector seria: [60.51235877489558, 57.16713642654041, 65.01045294053255, 59.24093115282042, 60.96020925860395, 62.8714205428462, 49.41068213764872, 46.081921004108246, 57.80800356432597, 58.10743062873992]
2022-11-02 17:07:56,321 Rotated.bl3 - La semilla es:76589227
2022-11-02 17:07:56,321 Rotated.bl3 - Empieza ejecucion algoritmo BL3: 
2022-11-02 17:07:56,321 Rotated.bl3 - El tiempo total de ejecucion en ms es: 0.053042
2022-11-02 17:07:56,321 Rotated.bl3 - Funcion:Rotated
2022-11-02 17:07:56,321 Rotated.bl3 - RangoInf: -65.536
2022-11-02 17:07:56,321 Rotated.bl3 - RangoSup: 65.536
2022-11-02 17:07:56,321 Rotated.bl3 - El coste del algoritmo BL3 es:3588.7538658494104
2022-11-02 17:07:56,321 Rotated.bl3 - El numero de iteraciones recorridas es:7
2022-11-02 17:07:56,321 Rotated.bl3 - El vector seria: [64.2198283416817, 54.6636625210363, 61.87708868986697, 62.724459120349536, 56.76593625865108, 62.957521646209045, 58.59321688439264, 64.3912381860675, 58.649000678270525, 63.133525377752726]
2022-11-02 17:07:56,321 Rotated.bl3 - La semilla es:77658922
2022-11-02 17:07:56,321 Rotated.bl3 - Empieza ejecucion algoritmo BL3: 
2022-11-02 17:07:56,321 Rotated.bl3 - El tiempo total de ejecucion en ms es: 0.06825
2022-11-02 17:07:56,321 Rotated.bl3 - Funcion:Rotated
2022-11-02 17:07:56,321 Rotated.bl3 - RangoInf: -65.536
2022-11-02 17:07:56,321 Rotated.bl3 - RangoSup: 65.536
2022-11-02 17:07:56,321 Rotated.bl3 - El coste del algoritmo BL3 es:3639.505390280344
2022-11-02 17:07:56,321 Rotated.bl3 - El numero de iteraciones recorridas es:10
2022-11-02 17:07:56,322 Rotated.bl3 - El vector seria: [47.7632556518631, 64.2220240399775, 55.48684739440846, 50.80081302165491, 57.817928640715856, 52.9661912423379, 60.725683786944245, 63.86430985546605, 61.178378380239366, 58.01193090329802]
2022-11-02 17:07:56,322 Rotated.bl3 - La semilla es:27765892
2022-11-02 17:07:56,322 Rotated.bl3 - Empieza ejecucion algoritmo BL3: 
2022-11-02 17:07:56,322 Rotated.bl3 - El tiempo total de ejecucion en ms es: 0.046958
2022-11-02 17:07:56,322 Rotated.bl3 - Funcion:Rotated
2022-11-02 17:07:56,322 Rotated.bl3 - RangoInf: -65.536
2022-11-02 17:07:56,322 Rotated.bl3 - RangoSup: 65.536
2022-11-02 17:07:56,322 Rotated.bl3 - El coste del algoritmo BL3 es:3648.2031038681876
2022-11-02 17:07:56,322 Rotated.bl3 - El numero de iteraciones recorridas es:6
2022-11-02 17:07:56,322 Rotated.bl3 - El vector seria: [62.74183118444772, 56.6446892495986, 53.814411549536445, 62.520305494568426, 61.89445390565031, 49.32483713458454, 47.305911308780125, 56.451198349632115, 57.444071733030285, 63.238583702636646]
2022-11-02 17:07:56,322 Rotated.bl3 - La semilla es:22776589
2022-11-02 17:07:56,322 Rotated.bl3 - Empieza ejecucion algoritmo BL3: 
2022-11-02 17:07:56,322 Rotated.bl3 - El tiempo total de ejecucion en ms es: 0.072625
2022-11-02 17:07:56,322 Rotated.bl3 - Funcion:Rotated
2022-11-02 17:07:56,322 Rotated.bl3 - RangoInf: -65.536
2022-11-02 17:07:56,322 Rotated.bl3 - RangoSup: 65.536
2022-11-02 17:07:56,322 Rotated.bl3 - El coste del algoritmo BL3 es:3696.897817200196
2022-11-02 17:07:56,322 Rotated.bl3 - El numero de iteraciones recorridas es:11
2022-11-02 17:07:56,322 Rotated.bl3 - El vector seria: [61.712782999053104, 62.89071114513601, 63.57235333564924, 63.40916548978422, 53.55758763379406, 58.802961652284196, -73.29064704207599, 63.49271447992136, 57.50026504436213, 60.572706707956485]
2022-11-02 17:07:56,322 Rotated.bl3 - La semilla es:92277658
