2022-11-02 17:07:57,591 Rotated.vns - Empieza ejecucion MULTIARRANQUE: 
2022-11-02 17:07:57,839 Rotated.vns - El tiempo total de ejecucion en ms es: 247.988083
2022-11-02 17:07:57,839 Rotated.vns - Funcion:Rotated
2022-11-02 17:07:57,839 Rotated.vns - RangoInf: -65.536
2022-11-02 17:07:57,839 Rotated.vns - RangoSup: 65.536
2022-11-02 17:07:57,839 Rotated.vns - El coste del algoritmo ma es:3690.7411757495124
2022-11-02 17:07:57,839 Rotated.vns - El numero de iteraciones recorridas es:1000
2022-11-02 17:07:57,839 Rotated.vns - El vector seria: [41.358967783325454, -41.71828902993772, 29.625616609981904, -29.833847357443318, 42.53678668754844, 21.27055681616845, -53.124304634804034, -2.0419265373221407, -52.48850107386039, -2.3630453291039473]
2022-11-02 17:07:57,839 Rotated.vns - La semilla es:76589227
2022-11-02 17:07:57,839 Rotated.vns - Empieza ejecucion MULTIARRANQUE: 
2022-11-02 17:07:58,091 Rotated.vns - El tiempo total de ejecucion en ms es: 251.978042
2022-11-02 17:07:58,091 Rotated.vns - Funcion:Rotated
2022-11-02 17:07:58,091 Rotated.vns - RangoInf: -65.536
2022-11-02 17:07:58,091 Rotated.vns - RangoSup: 65.536
2022-11-02 17:07:58,091 Rotated.vns - El coste del algoritmo ma es:3713.21221156734
2022-11-02 17:07:58,091 Rotated.vns - El numero de iteraciones recorridas es:1000
2022-11-02 17:07:58,091 Rotated.vns - El vector seria: [-8.75621063857649, -26.370262021454806, -43.926999261574636, 12.992661190506425, 38.80317191343424, -43.721343891885425, -48.88423608181695, -15.426947991065447, -4.41443931763385, -41.78534377956676]
2022-11-02 17:07:58,091 Rotated.vns - La semilla es:77658922
2022-11-02 17:07:58,091 Rotated.vns - Empieza ejecucion MULTIARRANQUE: 
2022-11-02 17:07:58,348 Rotated.vns - El tiempo total de ejecucion en ms es: 256.853584
2022-11-02 17:07:58,348 Rotated.vns - Funcion:Rotated
2022-11-02 17:07:58,348 Rotated.vns - RangoInf: -65.536
2022-11-02 17:07:58,348 Rotated.vns - RangoSup: 65.536
2022-11-02 17:07:58,348 Rotated.vns - El coste del algoritmo ma es:3710.594694549387
2022-11-02 17:07:58,348 Rotated.vns - El numero de iteraciones recorridas es:1000
2022-11-02 17:07:58,348 Rotated.vns - El vector seria: [48.62009627214964, 17.940790443109165, 7.192077261996985, -26.373768404357094, -40.41538762505891, -40.1166584713536, -26.678830519414902, 53.86180603649065, 48.80325548007505, -19.32528065226966]
2022-11-02 17:07:58,348 Rotated.vns - La semilla es:27765892
2022-11-02 17:07:58,348 Rotated.vns - Empieza ejecucion MULTIARRANQUE: 
2022-11-02 17:07:58,596 Rotated.vns - El tiempo total de ejecucion en ms es: 247.330833
2022-11-02 17:07:58,596 Rotated.vns - Funcion:Rotated
2022-11-02 17:07:58,596 Rotated.vns - RangoInf: -65.536
2022-11-02 17:07:58,596 Rotated.vns - RangoSup: 65.536
2022-11-02 17:07:58,596 Rotated.vns - El coste del algoritmo ma es:3673.4881986918704
2022-11-02 17:07:58,596 Rotated.vns - El numero de iteraciones recorridas es:1000
2022-11-02 17:07:58,596 Rotated.vns - El vector seria: [35.04984865015993, -31.65030247049725, 2.8957266633362764, -19.6351320918998, 33.233706415492534, 53.55334862272977, 50.43284807924837, -23.436255813395967, 55.7432884063478, 4.101606087875098]
2022-11-02 17:07:58,596 Rotated.vns - La semilla es:22776589
2022-11-02 17:07:58,596 Rotated.vns - Empieza ejecucion MULTIARRANQUE: 
2022-11-02 17:07:58,847 Rotated.vns - El tiempo total de ejecucion en ms es: 250.487166
2022-11-02 17:07:58,847 Rotated.vns - Funcion:Rotated
2022-11-02 17:07:58,847 Rotated.vns - RangoInf: -65.536
2022-11-02 17:07:58,847 Rotated.vns - RangoSup: 65.536
2022-11-02 17:07:58,847 Rotated.vns - El coste del algoritmo ma es:3682.378823168021
2022-11-02 17:07:58,847 Rotated.vns - El numero de iteraciones recorridas es:1000
2022-11-02 17:07:58,847 Rotated.vns - El vector seria: [-58.65871360104255, 22.097737676774514, -18.022648779109993, -60.76738917314047, -63.81689675660201, 59.34011858909147, 5.271096713229596, 53.32897211998632, -22.422688847310084, 18.752862191564716]
2022-11-02 17:07:58,847 Rotated.vns - La semilla es:92277658
