2022-11-02 17:08:00,099 Schew.vns - Empieza ejecucion MULTIARRANQUE: 
2022-11-02 17:08:00,355 Schew.vns - El tiempo total de ejecucion en ms es: 256.408209
2022-11-02 17:08:00,355 Schew.vns - Funcion:Schew
2022-11-02 17:08:00,355 Schew.vns - RangoInf: -500.0
2022-11-02 17:08:00,355 Schew.vns - RangoSup: 500.0
2022-11-02 17:08:00,355 Schew.vns - El coste del algoritmo ma es:67623.06210639016
2022-11-02 17:08:00,355 Schew.vns - El numero de iteraciones recorridas es:1000
2022-11-02 17:08:00,355 Schew.vns - El vector seria: [103.97999358878144, -466.40266795117515, -367.5723594458643, -132.44293795997885, 257.72911654800726, -392.88111349954534, 328.63802491452793, -283.0365734012027, -34.737158690489196, -363.58999952419913]
2022-11-02 17:08:00,355 Schew.vns - La semilla es:76589227
2022-11-02 17:08:00,355 Schew.vns - Empieza ejecucion MULTIARRANQUE: 
2022-11-02 17:08:00,616 Schew.vns - El tiempo total de ejecucion en ms es: 261.111166
2022-11-02 17:08:00,616 Schew.vns - Funcion:Schew
2022-11-02 17:08:00,616 Schew.vns - RangoInf: -500.0
2022-11-02 17:08:00,616 Schew.vns - RangoSup: 500.0
2022-11-02 17:08:00,616 Schew.vns - El coste del algoritmo ma es:64943.92552747502
2022-11-02 17:08:00,616 Schew.vns - El numero de iteraciones recorridas es:1000
2022-11-02 17:08:00,616 Schew.vns - El vector seria: [-378.31991267023193, -8.923329746210698, -76.33446794750074, 228.51746545969445, 164.46001767445387, 27.784123231762464, -380.49222821306074, 462.3397604186041, 186.64010246057046, -4.342889116097922]
2022-11-02 17:08:00,617 Schew.vns - La semilla es:77658922
2022-11-02 17:08:00,617 Schew.vns - Empieza ejecucion MULTIARRANQUE: 
2022-11-02 17:08:00,860 Schew.vns - El tiempo total de ejecucion en ms es: 243.373291
2022-11-02 17:08:00,860 Schew.vns - Funcion:Schew
2022-11-02 17:08:00,860 Schew.vns - RangoInf: -500.0
2022-11-02 17:08:00,860 Schew.vns - RangoSup: 500.0
2022-11-02 17:08:00,860 Schew.vns - El coste del algoritmo ma es:75703.24147310022
2022-11-02 17:08:00,860 Schew.vns - El numero de iteraciones recorridas es:1000
2022-11-02 17:08:00,860 Schew.vns - El vector seria: [257.64620025355725, -117.82047054822164, 327.6443561940923, -418.9384585764273, 249.63584660183562, -44.48699596007242, -195.05279415725352, 63.54199493815702, 334.10044806137694, 324.4494984054146]
2022-11-02 17:08:00,860 Schew.vns - La semilla es:27765892
2022-11-02 17:08:00,860 Schew.vns - Empieza ejecucion MULTIARRANQUE: 
2022-11-02 17:08:01,113 Schew.vns - El tiempo total de ejecucion en ms es: 253.187334
2022-11-02 17:08:01,114 Schew.vns - Funcion:Schew
2022-11-02 17:08:01,114 Schew.vns - RangoInf: -500.0
2022-11-02 17:08:01,114 Schew.vns - RangoSup: 500.0
2022-11-02 17:08:01,114 Schew.vns - El coste del algoritmo ma es:224848.39359484077
2022-11-02 17:08:01,114 Schew.vns - El numero de iteraciones recorridas es:1000
2022-11-02 17:08:01,114 Schew.vns - El vector seria: [357.57339454398254, -289.1629650649902, -373.7423308772848, -236.73165122481777, -307.8960363540565, 49.10951021676249, 486.0343645443198, -35.387360911604446, -416.14483455267305, -224.0903205443554]
2022-11-02 17:08:01,114 Schew.vns - La semilla es:22776589
2022-11-02 17:08:01,114 Schew.vns - Empieza ejecucion MULTIARRANQUE: 
2022-11-02 17:08:01,370 Schew.vns - El tiempo total de ejecucion en ms es: 256.419583
2022-11-02 17:08:01,370 Schew.vns - Funcion:Schew
2022-11-02 17:08:01,370 Schew.vns - RangoInf: -500.0
2022-11-02 17:08:01,370 Schew.vns - RangoSup: 500.0
2022-11-02 17:08:01,370 Schew.vns - El coste del algoritmo ma es:77005.01300946565
2022-11-02 17:08:01,370 Schew.vns - El numero de iteraciones recorridas es:1000
2022-11-02 17:08:01,370 Schew.vns - El vector seria: [-217.22307298564346, -250.99808916766554, -136.9864689615424, 162.44928097869672, -84.69756017326881, -403.37675164837736, -184.6427476651029, -160.50981954433473, -61.790495782157905, 274.81944123108156]
2022-11-02 17:08:01,370 Schew.vns - La semilla es:92277658
