2022-11-02 17:07:58,849 Schew.tabu - Empieza ejecucion TABU: 
2022-11-02 17:07:59,099 Schew.tabu - El tiempo total de ejecucion en ms es: 250.480917
2022-11-02 17:07:59,099 Schew.tabu - Funcion:Schew
2022-11-02 17:07:59,099 Schew.tabu - RangoInf: -500.0
2022-11-02 17:07:59,099 Schew.tabu - RangoSup: 500.0
2022-11-02 17:07:59,099 Schew.tabu - El coste del algoritmo tabu es:56056.892521498376
2022-11-02 17:07:59,099 Schew.tabu - El numero de iteraciones recorridas es:1000
2022-11-02 17:07:59,099 Schew.tabu - El vector seria: [361.10023588184265, 383.4029300187525, 455.12487609605347, 389.86307082984206, 323.01661749299745, 477.7970935123254, 361.6519955739857, 486.75389212783205, 454.0582752070695, 311.2656685067193]
2022-11-02 17:07:59,099 Schew.tabu - La semilla es:76589227
2022-11-02 17:07:59,099 Schew.tabu - Empieza ejecucion TABU: 
2022-11-02 17:07:59,347 Schew.tabu - El tiempo total de ejecucion en ms es: 247.580333
2022-11-02 17:07:59,347 Schew.tabu - Funcion:Schew
2022-11-02 17:07:59,347 Schew.tabu - RangoInf: -500.0
2022-11-02 17:07:59,347 Schew.tabu - RangoSup: 500.0
2022-11-02 17:07:59,347 Schew.tabu - El coste del algoritmo tabu es:48455.98658026435
2022-11-02 17:07:59,347 Schew.tabu - El numero de iteraciones recorridas es:1000
2022-11-02 17:07:59,347 Schew.tabu - El vector seria: [284.3545544665255, 464.21189032000734, 438.56079786482115, 265.8278004827456, 428.6917637388548, 297.13958103148553, 362.41330522168516, 379.44165035250654, 297.9747277706167, 302.7827533504517]
2022-11-02 17:07:59,347 Schew.tabu - La semilla es:77658922
2022-11-02 17:07:59,347 Schew.tabu - Empieza ejecucion TABU: 
2022-11-02 17:07:59,594 Schew.tabu - El tiempo total de ejecucion en ms es: 246.82875
2022-11-02 17:07:59,594 Schew.tabu - Funcion:Schew
2022-11-02 17:07:59,594 Schew.tabu - RangoInf: -500.0
2022-11-02 17:07:59,594 Schew.tabu - RangoSup: 500.0
2022-11-02 17:07:59,594 Schew.tabu - El coste del algoritmo tabu es:43053.523902822984
2022-11-02 17:07:59,594 Schew.tabu - El numero de iteraciones recorridas es:1000
2022-11-02 17:07:59,594 Schew.tabu - El vector seria: [278.2428931286299, 126.5643955921816, 266.1271768635537, 314.18802294774696, 460.1778531463321, 334.42966969477254, 180.30090476812805, 462.2882886713601, 267.96149333529956, 200.71257821134154]
2022-11-02 17:07:59,594 Schew.tabu - La semilla es:27765892
2022-11-02 17:07:59,594 Schew.tabu - Empieza ejecucion TABU: 
2022-11-02 17:07:59,842 Schew.tabu - El tiempo total de ejecucion en ms es: 247.532166
2022-11-02 17:07:59,842 Schew.tabu - Funcion:Schew
2022-11-02 17:07:59,842 Schew.tabu - RangoInf: -500.0
2022-11-02 17:07:59,842 Schew.tabu - RangoSup: 500.0
2022-11-02 17:07:59,842 Schew.tabu - El coste del algoritmo tabu es:71763.60716961673
2022-11-02 17:07:59,842 Schew.tabu - El numero de iteraciones recorridas es:1000
2022-11-02 17:07:59,842 Schew.tabu - El vector seria: [394.83914526253307, 179.81713172041904, 335.26485036207634, 386.436230937156, 305.1060521002712, 444.15494265924656, 301.4771659671115, 443.3833126244318, 465.3774120951886, 393.0697547202657]
2022-11-02 17:07:59,842 Schew.tabu - La semilla es:22776589
2022-11-02 17:07:59,842 Schew.tabu - Empieza ejecucion TABU: 
2022-11-02 17:08:00,098 Schew.tabu - El tiempo total de ejecucion en ms es: 255.75975
2022-11-02 17:08:00,098 Schew.tabu - Funcion:Schew
2022-11-02 17:08:00,098 Schew.tabu - RangoInf: -500.0
2022-11-02 17:08:00,098 Schew.tabu - RangoSup: 500.0
2022-11-02 17:08:00,098 Schew.tabu - El coste del algoritmo tabu es:65102.941941586556
2022-11-02 17:08:00,098 Schew.tabu - El numero de iteraciones recorridas es:1000
2022-11-02 17:08:00,098 Schew.tabu - El vector seria: [228.40383039317382, 230.34020937070926, 464.997865935327, 436.68959160936424, 417.5019546042894, 357.1188394690367, 255.38997042615796, 263.3298057459747, 447.27722361852744, 341.5323717016872]
2022-11-02 17:08:00,098 Schew.tabu - La semilla es:92277658
