2022-11-02 17:07:40,882 Dixon.blk - Empieza ejecucion algoritmo BLK: 
2022-11-02 17:07:40,883 Dixon.blk - El tiempo total de ejecucion en ms es: 0.626042
2022-11-02 17:07:40,883 Dixon.blk - Funcion:Dixon
2022-11-02 17:07:40,883 Dixon.blk - RangoInf: -100.0
2022-11-02 17:07:40,883 Dixon.blk - RangoSup: 100.0
2022-11-02 17:07:40,884 Dixon.blk - El coste del algoritmo BLk es:3.830149190067148E9
2022-11-02 17:07:40,884 Dixon.blk - El numero de iteraciones recorridas es:1
2022-11-02 17:07:40,884 Dixon.blk - El vector seria: [96.77956343609607, 61.24464942021876, 41.633783288034905, 18.278852100990918, 94.03716962550594, 97.02266653616967, 89.52590761745196, 85.45650479953446, 95.07944359356675, 84.87670364304836]
2022-11-02 17:07:40,884 Dixon.blk - La semilla es:76589227
2022-11-02 17:07:40,884 Dixon.blk - Empieza ejecucion algoritmo BLK: 
2022-11-02 17:07:40,885 Dixon.blk - El tiempo total de ejecucion en ms es: 0.8525
2022-11-02 17:07:40,885 Dixon.blk - Funcion:Dixon
2022-11-02 17:07:40,885 Dixon.blk - RangoInf: -100.0
2022-11-02 17:07:40,885 Dixon.blk - RangoSup: 100.0
2022-11-02 17:07:40,886 Dixon.blk - El coste del algoritmo BLk es:2.179527193504686E10
2022-11-02 17:07:40,886 Dixon.blk - El numero de iteraciones recorridas es:1
2022-11-02 17:07:40,886 Dixon.blk - El vector seria: [90.80295304720005, 73.57779101730765, 91.49644957556856, 94.12593125673052, 90.36428628174696, 45.10230930178042, -69.26141524847829, 64.96968462015204, 93.2227333161038, -124.09817116055578]
2022-11-02 17:07:40,886 Dixon.blk - La semilla es:77658922
2022-11-02 17:07:40,886 Dixon.blk - Empieza ejecucion algoritmo BLK: 
2022-11-02 17:07:40,886 Dixon.blk - El tiempo total de ejecucion en ms es: 0.048459
2022-11-02 17:07:40,886 Dixon.blk - Funcion:Dixon
2022-11-02 17:07:40,886 Dixon.blk - RangoInf: -100.0
2022-11-02 17:07:40,886 Dixon.blk - RangoSup: 100.0
2022-11-02 17:07:40,886 Dixon.blk - El coste del algoritmo BLk es:7.59548528279117E9
2022-11-02 17:07:40,886 Dixon.blk - El numero de iteraciones recorridas es:1
2022-11-02 17:07:40,886 Dixon.blk - El vector seria: [99.50833830218119, 95.0726383552733, 99.4275894850852, 86.21679022825413, 45.446176631771856, 83.36176384479413, 82.80424236123837, 72.2096637170024, 98.5322203541449, 86.21527012867743]
2022-11-02 17:07:40,888 Dixon.blk - La semilla es:27765892
2022-11-02 17:07:40,888 Dixon.blk - Empieza ejecucion algoritmo BLK: 
2022-11-02 17:07:40,890 Dixon.blk - El tiempo total de ejecucion en ms es: 0.828708
2022-11-02 17:07:40,890 Dixon.blk - Funcion:Dixon
2022-11-02 17:07:40,890 Dixon.blk - RangoInf: -100.0
2022-11-02 17:07:40,892 Dixon.blk - RangoSup: 100.0
2022-11-02 17:07:40,894 Dixon.blk - El coste del algoritmo BLk es:6.8823513885123825E9
2022-11-02 17:07:40,895 Dixon.blk - El numero de iteraciones recorridas es:1
2022-11-02 17:07:40,895 Dixon.blk - El vector seria: [80.35835138821338, 59.24984705892835, 95.91597617943933, 81.56098037828654, 89.29563605485689, 59.42055228091469, 95.7864071389885, 67.99505997834522, 66.74344570207924, 85.05488160081778]
2022-11-02 17:07:40,895 Dixon.blk - La semilla es:22776589
2022-11-02 17:07:40,895 Dixon.blk - Empieza ejecucion algoritmo BLK: 
2022-11-02 17:07:40,895 Dixon.blk - El tiempo total de ejecucion en ms es: 0.206125
2022-11-02 17:07:40,895 Dixon.blk - Funcion:Dixon
2022-11-02 17:07:40,896 Dixon.blk - RangoInf: -100.0
2022-11-02 17:07:40,896 Dixon.blk - RangoSup: 100.0
2022-11-02 17:07:40,896 Dixon.blk - El coste del algoritmo BLk es:1.9263835037009773E10
2022-11-02 17:07:40,896 Dixon.blk - El numero de iteraciones recorridas es:1
2022-11-02 17:07:40,896 Dixon.blk - El vector seria: [52.56984160702699, 50.371332398125325, 27.76982874847436, 79.27938646958069, 89.45558299769398, 92.324709750603, 82.56155743597064, 98.52361064719828, 79.85300970926491, -113.04995127900864]
2022-11-02 17:07:40,896 Dixon.blk - La semilla es:92277658
