2022-11-02 17:07:52,576 Rast.vns - Empieza ejecucion MULTIARRANQUE: 
2022-11-02 17:07:52,821 Rast.vns - El tiempo total de ejecucion en ms es: 245.127708
2022-11-02 17:07:52,821 Rast.vns - Funcion:Rast
2022-11-02 17:07:52,821 Rast.vns - RangoInf: -51.12
2022-11-02 17:07:52,821 Rast.vns - RangoSup: 51.12
2022-11-02 17:07:52,821 Rast.vns - El coste del algoritmo ma es:1364.6542680213254
2022-11-02 17:07:52,821 Rast.vns - El numero de iteraciones recorridas es:1000
2022-11-02 17:07:52,821 Rast.vns - El vector seria: [13.199689941221187, -30.15153325186402, -15.415734537339993, -19.462558580288913, -34.41942135181938, -37.73350118123139, -37.955761082717785, 7.489262000732644, -39.75530483145617, -22.71676069072143]
2022-11-02 17:07:52,821 Rast.vns - La semilla es:76589227
2022-11-02 17:07:52,821 Rast.vns - Empieza ejecucion MULTIARRANQUE: 
2022-11-02 17:07:53,072 Rast.vns - El tiempo total de ejecucion en ms es: 250.231166
2022-11-02 17:07:53,072 Rast.vns - Funcion:Rast
2022-11-02 17:07:53,072 Rast.vns - RangoInf: -51.12
2022-11-02 17:07:53,072 Rast.vns - RangoSup: 51.12
2022-11-02 17:07:53,072 Rast.vns - El coste del algoritmo ma es:1318.91638716149
2022-11-02 17:07:53,072 Rast.vns - El numero de iteraciones recorridas es:1000
2022-11-02 17:07:53,072 Rast.vns - El vector seria: [-23.428776151873166, -39.6656200981269, -35.61034087887436, 27.465145359303882, -49.32364108926641, -48.406991495337, 47.205779521900205, -35.08498022802786, 31.464047331286658, 39.819205973428986]
2022-11-02 17:07:53,072 Rast.vns - La semilla es:77658922
2022-11-02 17:07:53,072 Rast.vns - Empieza ejecucion MULTIARRANQUE: 
2022-11-02 17:07:53,326 Rast.vns - El tiempo total de ejecucion en ms es: 253.492666
2022-11-02 17:07:53,326 Rast.vns - Funcion:Rast
2022-11-02 17:07:53,326 Rast.vns - RangoInf: -51.12
2022-11-02 17:07:53,326 Rast.vns - RangoSup: 51.12
2022-11-02 17:07:53,326 Rast.vns - El coste del algoritmo ma es:1237.3534024173423
2022-11-02 17:07:53,326 Rast.vns - El numero de iteraciones recorridas es:1000
2022-11-02 17:07:53,326 Rast.vns - El vector seria: [8.013086057185483, 17.336289157891223, 13.306319914180087, 40.98196384859023, 32.842978684260395, 25.28423008184594, 24.26670708194009, 39.39580008961635, 36.84470660975905, -0.2528945165739884]
2022-11-02 17:07:53,326 Rast.vns - La semilla es:27765892
2022-11-02 17:07:53,326 Rast.vns - Empieza ejecucion MULTIARRANQUE: 
2022-11-02 17:07:53,580 Rast.vns - El tiempo total de ejecucion en ms es: 253.839167
2022-11-02 17:07:53,580 Rast.vns - Funcion:Rast
2022-11-02 17:07:53,580 Rast.vns - RangoInf: -51.12
2022-11-02 17:07:53,580 Rast.vns - RangoSup: 51.12
2022-11-02 17:07:53,580 Rast.vns - El coste del algoritmo ma es:1880.3795588187102
2022-11-02 17:07:53,580 Rast.vns - El numero de iteraciones recorridas es:1000
2022-11-02 17:07:53,580 Rast.vns - El vector seria: [-1.7516175307580397, 17.29410316905875, -0.6191202594267153, -15.14093071644541, 14.670643404723599, 46.35032787719627, 5.091260888905921, 27.20816782880508, 46.070775201860535, -43.2758412812251]
2022-11-02 17:07:53,580 Rast.vns - La semilla es:22776589
2022-11-02 17:07:53,580 Rast.vns - Empieza ejecucion MULTIARRANQUE: 
2022-11-02 17:07:53,830 Rast.vns - El tiempo total de ejecucion en ms es: 249.560208
2022-11-02 17:07:53,830 Rast.vns - Funcion:Rast
2022-11-02 17:07:53,830 Rast.vns - RangoInf: -51.12
2022-11-02 17:07:53,830 Rast.vns - RangoSup: 51.12
2022-11-02 17:07:53,830 Rast.vns - El coste del algoritmo ma es:1232.7402031280005
2022-11-02 17:07:53,830 Rast.vns - El numero de iteraciones recorridas es:1000
2022-11-02 17:07:53,830 Rast.vns - El vector seria: [-42.48911883929693, -30.936392487018395, 31.111266023025728, -49.944039625275494, 50.002804828400336, -20.359684185157068, 40.75547026029522, -17.503920997253125, -10.252767645269074, -17.502227870745855]
2022-11-02 17:07:53,830 Rast.vns - La semilla es:92277658
