2022-11-02 17:07:51,347 Rast.blk - Empieza ejecucion algoritmo BLK: 
2022-11-02 17:07:51,347 Rast.blk - El tiempo total de ejecucion en ms es: 0.064167
2022-11-02 17:07:51,347 Rast.blk - Funcion:Rast
2022-11-02 17:07:51,347 Rast.blk - RangoInf: -51.12
2022-11-02 17:07:51,347 Rast.blk - RangoSup: 51.12
2022-11-02 17:07:51,347 Rast.blk - El coste del algoritmo BLk es:6556.062546027096
2022-11-02 17:07:51,347 Rast.blk - El numero de iteraciones recorridas es:1
2022-11-02 17:07:51,347 Rast.blk - El vector seria: [43.55372439963821, 41.46129156109906, 5.947459186305828, 39.49256267058675, 31.15978589065149, 43.31429076941859, 49.61556226237685, 34.699682048371734, 41.01518987031217, 47.135547527926924]
2022-11-02 17:07:51,347 Rast.blk - La semilla es:76589227
2022-11-02 17:07:51,347 Rast.blk - Empieza ejecucion algoritmo BLK: 
2022-11-02 17:07:51,347 Rast.blk - El tiempo total de ejecucion en ms es: 0.084208
2022-11-02 17:07:51,347 Rast.blk - Funcion:Rast
2022-11-02 17:07:51,347 Rast.blk - RangoInf: -51.12
2022-11-02 17:07:51,347 Rast.blk - RangoSup: 51.12
2022-11-02 17:07:51,347 Rast.blk - El coste del algoritmo BLk es:9367.862326534636
2022-11-02 17:07:51,347 Rast.blk - El numero de iteraciones recorridas es:1
2022-11-02 17:07:51,347 Rast.blk - El vector seria: [-48.97614690787808, 16.90024145908881, 34.01657934215244, -3.0261116188943618, 42.23230727946756, 43.929514783564784, 48.91945779239224, 14.000817935727149, -32.102003075798365, 45.445006662142056]
2022-11-02 17:07:51,347 Rast.blk - La semilla es:77658922
2022-11-02 17:07:51,347 Rast.blk - Empieza ejecucion algoritmo BLK: 
2022-11-02 17:07:51,347 Rast.blk - El tiempo total de ejecucion en ms es: 0.040083
2022-11-02 17:07:51,347 Rast.blk - Funcion:Rast
2022-11-02 17:07:51,347 Rast.blk - RangoInf: -51.12
2022-11-02 17:07:51,347 Rast.blk - RangoSup: 51.12
2022-11-02 17:07:51,347 Rast.blk - El coste del algoritmo BLk es:7613.751134054091
2022-11-02 17:07:51,347 Rast.blk - El numero de iteraciones recorridas es:1
2022-11-02 17:07:51,347 Rast.blk - El vector seria: [49.807180092114116, 46.79086669608069, 49.774454671278804, 50.92716782279245, 25.13902543594848, 45.38476849136526, 40.99118086650824, -63.643334690789565, 45.97232184814852, 44.2768638448038]
2022-11-02 17:07:51,347 Rast.blk - La semilla es:27765892
2022-11-02 17:07:51,347 Rast.blk - Empieza ejecucion algoritmo BLK: 
2022-11-02 17:07:51,347 Rast.blk - El tiempo total de ejecucion en ms es: 0.034208
2022-11-02 17:07:51,347 Rast.blk - Funcion:Rast
2022-11-02 17:07:51,347 Rast.blk - RangoInf: -51.12
2022-11-02 17:07:51,347 Rast.blk - RangoSup: 51.12
2022-11-02 17:07:51,347 Rast.blk - El coste del algoritmo BLk es:7172.692271560459
2022-11-02 17:07:51,347 Rast.blk - El numero de iteraciones recorridas es:1
2022-11-02 17:07:51,347 Rast.blk - El vector seria: [46.91125238344545, 36.48485764188162, 47.304184213824456, 50.30181634426634, 43.317146257694304, 42.98709283286055, 48.8178316914958, 48.23257348659755, 37.11700880930592, 43.3260914947207]
2022-11-02 17:07:51,347 Rast.blk - La semilla es:22776589
2022-11-02 17:07:51,347 Rast.blk - Empieza ejecucion algoritmo BLK: 
2022-11-02 17:07:51,347 Rast.blk - El tiempo total de ejecucion en ms es: 0.037666
2022-11-02 17:07:51,347 Rast.blk - Funcion:Rast
2022-11-02 17:07:51,347 Rast.blk - RangoInf: -51.12
2022-11-02 17:07:51,347 Rast.blk - RangoSup: 51.12
2022-11-02 17:07:51,347 Rast.blk - El coste del algoritmo BLk es:5998.092289705025
2022-11-02 17:07:51,347 Rast.blk - El numero de iteraciones recorridas es:1
2022-11-02 17:07:51,347 Rast.blk - El vector seria: [46.51573431879528, 44.32980124183326, 50.18652496264727, -10.540742336604598, 48.270315973465216, 44.12479971793118, 48.58658987765901, 49.30826571967695, 35.88770593530224, 40.49096429420132]
2022-11-02 17:07:51,347 Rast.blk - La semilla es:92277658
