2022-11-02 17:07:49,973 Perm.vns - Empieza ejecucion MULTIARRANQUE: 
2022-11-02 17:07:50,241 Perm.vns - El tiempo total de ejecucion en ms es: 268.146625
2022-11-02 17:07:50,241 Perm.vns - Funcion:Perm
2022-11-02 17:07:50,241 Perm.vns - RangoInf: -100.0
2022-11-02 17:07:50,241 Perm.vns - RangoSup: 100.0
2022-11-02 17:07:50,241 Perm.vns - El coste del algoritmo ma es:7.453617221241912E16
2022-11-02 17:07:50,241 Perm.vns - El numero de iteraciones recorridas es:1000
2022-11-02 17:07:50,241 Perm.vns - El vector seria: [-64.26845718386292, 13.492049191427384, 4.055108129653391, 83.47926256617174, 73.02885748428926, 85.22882080251941, 50.499599511495575, -74.798759386749, 30.249495394505146, -51.33823037537306]
2022-11-02 17:07:50,241 Perm.vns - La semilla es:76589227
2022-11-02 17:07:50,241 Perm.vns - Empieza ejecucion MULTIARRANQUE: 
2022-11-02 17:07:50,522 Perm.vns - El tiempo total de ejecucion en ms es: 280.5275
2022-11-02 17:07:50,525 Perm.vns - Funcion:Perm
2022-11-02 17:07:50,525 Perm.vns - RangoInf: -100.0
2022-11-02 17:07:50,525 Perm.vns - RangoSup: 100.0
2022-11-02 17:07:50,525 Perm.vns - El coste del algoritmo ma es:1.30923576827310672E17
2022-11-02 17:07:50,525 Perm.vns - El numero de iteraciones recorridas es:1000
2022-11-02 17:07:50,525 Perm.vns - El vector seria: [-8.24883239475271, 48.36686995173207, 14.69783395553172, -94.16102612066501, -77.97491051527996, 66.05281157717815, 31.223446723374508, 54.41699578645432, -41.617486707996385, -14.610406192213006]
2022-11-02 17:07:50,525 Perm.vns - La semilla es:77658922
2022-11-02 17:07:50,525 Perm.vns - Empieza ejecucion MULTIARRANQUE: 
2022-11-02 17:07:50,790 Perm.vns - El tiempo total de ejecucion en ms es: 265.17925
2022-11-02 17:07:50,790 Perm.vns - Funcion:Perm
2022-11-02 17:07:50,790 Perm.vns - RangoInf: -100.0
2022-11-02 17:07:50,790 Perm.vns - RangoSup: 100.0
2022-11-02 17:07:50,790 Perm.vns - El coste del algoritmo ma es:1.37014889028382464E17
2022-11-02 17:07:50,790 Perm.vns - El numero de iteraciones recorridas es:1000
2022-11-02 17:07:50,790 Perm.vns - El vector seria: [12.543622893773332, -91.7923133394011, -49.2350741243331, -67.94987624759744, -42.14689772058791, -21.665578898204245, 87.27734581038953, -99.94622943231339, -18.418072537788916, -33.50775996675664]
2022-11-02 17:07:50,790 Perm.vns - La semilla es:27765892
2022-11-02 17:07:50,790 Perm.vns - Empieza ejecucion MULTIARRANQUE: 
2022-11-02 17:07:51,067 Perm.vns - El tiempo total de ejecucion en ms es: 276.975041
2022-11-02 17:07:51,068 Perm.vns - Funcion:Perm
2022-11-02 17:07:51,068 Perm.vns - RangoInf: -100.0
2022-11-02 17:07:51,068 Perm.vns - RangoSup: 100.0
2022-11-02 17:07:51,068 Perm.vns - El coste del algoritmo ma es:6.4346221752195776E16
2022-11-02 17:07:51,068 Perm.vns - El numero de iteraciones recorridas es:1000
2022-11-02 17:07:51,068 Perm.vns - El vector seria: [66.80671079678015, 87.97394953521075, 32.528508585238285, -41.02661903605205, 46.29159376018535, 64.60520553831105, -71.10262127229004, 13.59660049633176, -82.6696779165222, 25.313095664137137]
2022-11-02 17:07:51,068 Perm.vns - La semilla es:22776589
2022-11-02 17:07:51,068 Perm.vns - Empieza ejecucion MULTIARRANQUE: 
2022-11-02 17:07:51,345 Perm.vns - El tiempo total de ejecucion en ms es: 276.578667
2022-11-02 17:07:51,345 Perm.vns - Funcion:Perm
2022-11-02 17:07:51,345 Perm.vns - RangoInf: -100.0
2022-11-02 17:07:51,345 Perm.vns - RangoSup: 100.0
2022-11-02 17:07:51,345 Perm.vns - El coste del algoritmo ma es:2.2530834567510704E17
2022-11-02 17:07:51,345 Perm.vns - El numero de iteraciones recorridas es:1000
2022-11-02 17:07:51,345 Perm.vns - El vector seria: [60.70914414541406, 9.161253869258744, -72.46964050784791, -54.31887635109316, 50.58858341636267, -24.427511989308385, 84.53155260402275, 38.95054507534218, -82.06723258338945, 25.748383724584727]
2022-11-02 17:07:51,345 Perm.vns - La semilla es:92277658
