2022-11-02 17:07:48,625 Perm.blk - Empieza ejecucion algoritmo BLK: 
2022-11-02 17:07:48,625 Perm.blk - El tiempo total de ejecucion en ms es: 0.190292
2022-11-02 17:07:48,625 Perm.blk - Funcion:Perm
2022-11-02 17:07:48,625 Perm.blk - RangoInf: -100.0
2022-11-02 17:07:48,625 Perm.blk - RangoSup: 100.0
2022-11-02 17:07:48,625 Perm.blk - El coste del algoritmo BLk es:3.2039851030014486E20
2022-11-02 17:07:48,625 Perm.blk - El numero de iteraciones recorridas es:1
2022-11-02 17:07:48,625 Perm.blk - El vector seria: [98.16433913977646, 55.45388873599536, 80.8968919782863, 78.77728523759626, 80.34052600931143, 84.48016197655177, 49.59428576650299, 40.7478021233605, 80.4989087612227, 82.83060221766948]
2022-11-02 17:07:48,625 Perm.blk - La semilla es:76589227
2022-11-02 17:07:48,625 Perm.blk - Empieza ejecucion algoritmo BLK: 
2022-11-02 17:07:48,625 Perm.blk - El tiempo total de ejecucion en ms es: 0.122125
2022-11-02 17:07:48,625 Perm.blk - Funcion:Perm
2022-11-02 17:07:48,625 Perm.blk - RangoInf: -100.0
2022-11-02 17:07:48,626 Perm.blk - RangoSup: 100.0
2022-11-02 17:07:48,626 Perm.blk - El coste del algoritmo BLk es:1.1896060303939745E20
2022-11-02 17:07:48,626 Perm.blk - El numero de iteraciones recorridas es:1
2022-11-02 17:07:48,626 Perm.blk - El vector seria: [97.2797036687986, 90.75346214479355, 78.82615255350329, 33.56196167500744, 92.48402454958301, 88.94451511323165, -7.8865596990378, 94.42386286363046, 10.682879927592055, 54.560418062721254]
2022-11-02 17:07:48,626 Perm.blk - La semilla es:77658922
2022-11-02 17:07:48,626 Perm.blk - Empieza ejecucion algoritmo BLK: 
2022-11-02 17:07:48,626 Perm.blk - El tiempo total de ejecucion en ms es: 0.180084
2022-11-02 17:07:48,626 Perm.blk - Funcion:Perm
2022-11-02 17:07:48,626 Perm.blk - RangoInf: -100.0
2022-11-02 17:07:48,626 Perm.blk - RangoSup: 100.0
2022-11-02 17:07:48,626 Perm.blk - El coste del algoritmo BLk es:3.523203084497679E20
2022-11-02 17:07:48,626 Perm.blk - El numero de iteraciones recorridas es:1
2022-11-02 17:07:48,626 Perm.blk - El vector seria: [74.64780658343633, -13.272976088905317, 33.82758115999309, 18.792758396332147, -5.047838505623009, 68.88040216209741, 38.93064687505738, 80.80134953543858, 89.00681218684839, 65.7151790441142]
2022-11-02 17:07:48,626 Perm.blk - La semilla es:27765892
2022-11-02 17:07:48,626 Perm.blk - Empieza ejecucion algoritmo BLK: 
2022-11-02 17:07:48,626 Perm.blk - El tiempo total de ejecucion en ms es: 0.132417
2022-11-02 17:07:48,626 Perm.blk - Funcion:Perm
2022-11-02 17:07:48,626 Perm.blk - RangoInf: -100.0
2022-11-02 17:07:48,626 Perm.blk - RangoSup: 100.0
2022-11-02 17:07:48,627 Perm.blk - El coste del algoritmo BLk es:2.0963542753018087E21
2022-11-02 17:07:48,627 Perm.blk - El numero de iteraciones recorridas es:1
2022-11-02 17:07:48,627 Perm.blk - El vector seria: [98.83695746223033, 96.3157276144078, 17.251927502591855, 87.6923311184632, 79.00909472370795, 96.92591865380413, 82.70567479975627, -2.0170310072661906, 85.66673874246489, 86.63629360717691]
2022-11-02 17:07:48,627 Perm.blk - La semilla es:22776589
2022-11-02 17:07:48,627 Perm.blk - Empieza ejecucion algoritmo BLK: 
2022-11-02 17:07:48,627 Perm.blk - El tiempo total de ejecucion en ms es: 0.06675
2022-11-02 17:07:48,627 Perm.blk - Funcion:Perm
2022-11-02 17:07:48,627 Perm.blk - RangoInf: -100.0
2022-11-02 17:07:48,627 Perm.blk - RangoSup: 100.0
2022-11-02 17:07:48,627 Perm.blk - El coste del algoritmo BLk es:2.699096531695631E21
2022-11-02 17:07:48,627 Perm.blk - El numero de iteraciones recorridas es:0
2022-11-02 17:07:48,627 Perm.blk - El vector seria: [46.03792088999364, 49.74159041520733, -33.2439673239235, 85.65476035647842, 86.59942239811679, -0.7149781929254289, 90.19232598571972, -97.38459897075566, -23.843841660300555, 70.03413141258358]
2022-11-02 17:07:48,627 Perm.blk - La semilla es:92277658
