2022-11-02 17:07:40,896 Dixon.tabu - Empieza ejecucion TABU: 
2022-11-02 17:07:41,156 Dixon.tabu - El tiempo total de ejecucion en ms es: 258.962375
2022-11-02 17:07:41,157 Dixon.tabu - Funcion:Dixon
2022-11-02 17:07:41,157 Dixon.tabu - RangoInf: -100.0
2022-11-02 17:07:41,158 Dixon.tabu - RangoSup: 100.0
2022-11-02 17:07:41,159 Dixon.tabu - El coste del algoritmo tabu es:4.848275504364049E8
2022-11-02 17:07:41,159 Dixon.tabu - El numero de iteraciones recorridas es:1000
2022-11-02 17:07:41,160 Dixon.tabu - El vector seria: [37.73149008383756, 59.77306042775153, 48.6533629997042, 25.651065227150234, 80.85164322217179, 71.92198286636659, 62.675401836458974, 69.51596440661824, 93.81779584107831, 93.30026122512162]
2022-11-02 17:07:41,160 Dixon.tabu - La semilla es:76589227
2022-11-02 17:07:41,161 Dixon.tabu - Empieza ejecucion TABU: 
2022-11-02 17:07:41,429 Dixon.tabu - El tiempo total de ejecucion en ms es: 267.772958
2022-11-02 17:07:41,431 Dixon.tabu - Funcion:Dixon
2022-11-02 17:07:41,431 Dixon.tabu - RangoInf: -100.0
2022-11-02 17:07:41,431 Dixon.tabu - RangoSup: 100.0
2022-11-02 17:07:41,431 Dixon.tabu - El coste del algoritmo tabu es:1.6027170819713173E9
2022-11-02 17:07:41,431 Dixon.tabu - El numero de iteraciones recorridas es:1000
2022-11-02 17:07:41,432 Dixon.tabu - El vector seria: [63.20757087609258, 54.033865926420724, 86.56481668305157, 46.51508267353649, 85.99409352591788, 61.30326443824642, 76.38101103113408, 49.81532056175722, 78.916420738589, 81.7652691370598]
2022-11-02 17:07:41,432 Dixon.tabu - La semilla es:77658922
2022-11-02 17:07:41,433 Dixon.tabu - Empieza ejecucion TABU: 
2022-11-02 17:07:41,680 Dixon.tabu - El tiempo total de ejecucion en ms es: 247.223958
2022-11-02 17:07:41,680 Dixon.tabu - Funcion:Dixon
2022-11-02 17:07:41,680 Dixon.tabu - RangoInf: -100.0
2022-11-02 17:07:41,680 Dixon.tabu - RangoSup: 100.0
2022-11-02 17:07:41,680 Dixon.tabu - El coste del algoritmo tabu es:6.31344004920198E8
2022-11-02 17:07:41,680 Dixon.tabu - El numero de iteraciones recorridas es:1000
2022-11-02 17:07:41,681 Dixon.tabu - El vector seria: [92.44115233166852, 82.88893942781941, 67.47282961961315, 41.79941122720644, 44.39654913384613, 78.83211860406024, 28.39226383951014, 66.33990190381239, 33.60676068071183, 64.47665052044907]
2022-11-02 17:07:41,681 Dixon.tabu - La semilla es:27765892
2022-11-02 17:07:41,681 Dixon.tabu - Empieza ejecucion TABU: 
2022-11-02 17:07:41,931 Dixon.tabu - El tiempo total de ejecucion en ms es: 249.925042
2022-11-02 17:07:41,931 Dixon.tabu - Funcion:Dixon
2022-11-02 17:07:41,931 Dixon.tabu - RangoInf: -100.0
2022-11-02 17:07:41,931 Dixon.tabu - RangoSup: 100.0
2022-11-02 17:07:41,931 Dixon.tabu - El coste del algoritmo tabu es:1.1853974174221957E9
2022-11-02 17:07:41,931 Dixon.tabu - El numero de iteraciones recorridas es:1000
2022-11-02 17:07:41,931 Dixon.tabu - El vector seria: [50.245037140063175, 61.989289523641176, 81.12157615501836, 71.15868543825455, 30.989047388965034, 85.93307326325592, 58.283985734367505, 43.84557850649099, 67.72181679379138, 88.43968183827268]
2022-11-02 17:07:41,931 Dixon.tabu - La semilla es:22776589
2022-11-02 17:07:41,931 Dixon.tabu - Empieza ejecucion TABU: 
2022-11-02 17:07:42,177 Dixon.tabu - El tiempo total de ejecucion en ms es: 246.048125
2022-11-02 17:07:42,178 Dixon.tabu - Funcion:Dixon
2022-11-02 17:07:42,178 Dixon.tabu - RangoInf: -100.0
2022-11-02 17:07:42,178 Dixon.tabu - RangoSup: 100.0
2022-11-02 17:07:42,178 Dixon.tabu - El coste del algoritmo tabu es:1.389182582340786E8
2022-11-02 17:07:42,178 Dixon.tabu - El numero de iteraciones recorridas es:1000
2022-11-02 17:07:42,178 Dixon.tabu - El vector seria: [90.24081907804111, 77.34023824193228, 76.82523200619481, 70.68223103763034, 95.60426307800246, 73.42031454923512, 63.79161437245717, 94.45700261555936, 94.49218332563761, 81.51752041280625]
2022-11-02 17:07:42,178 Dixon.tabu - La semilla es:92277658
