2022-11-02 17:07:42,178 Dixon.vns - Empieza ejecucion MULTIARRANQUE: 
2022-11-02 17:07:42,434 Dixon.vns - El tiempo total de ejecucion en ms es: 255.662958
2022-11-02 17:07:42,434 Dixon.vns - Funcion:Dixon
2022-11-02 17:07:42,434 Dixon.vns - RangoInf: -100.0
2022-11-02 17:07:42,434 Dixon.vns - RangoSup: 100.0
2022-11-02 17:07:42,434 Dixon.vns - El coste del algoritmo ma es:2.1184851864445233E8
2022-11-02 17:07:42,434 Dixon.vns - El numero de iteraciones recorridas es:1000
2022-11-02 17:07:42,434 Dixon.vns - El vector seria: [-87.53809681112297, -95.08990105211232, 52.202149067582354, -60.5473614058734, -93.59627461006819, -94.61510574440257, 82.94275907559441, 23.874593468681127, 42.57088954372594, 46.65255201383408]
2022-11-02 17:07:42,434 Dixon.vns - La semilla es:76589227
2022-11-02 17:07:42,435 Dixon.vns - Empieza ejecucion MULTIARRANQUE: 
2022-11-02 17:07:42,683 Dixon.vns - El tiempo total de ejecucion en ms es: 248.632916
2022-11-02 17:07:42,684 Dixon.vns - Funcion:Dixon
2022-11-02 17:07:42,684 Dixon.vns - RangoInf: -100.0
2022-11-02 17:07:42,684 Dixon.vns - RangoSup: 100.0
2022-11-02 17:07:42,684 Dixon.vns - El coste del algoritmo ma es:3.005518664364246E8
2022-11-02 17:07:42,684 Dixon.vns - El numero de iteraciones recorridas es:1000
2022-11-02 17:07:42,684 Dixon.vns - El vector seria: [-76.72668308599057, -27.733436185965644, -97.56805668247424, 48.57211381968324, 39.35165430022556, -71.84058523750898, 95.09223731455663, -41.6612819342894, -42.10029717158983, -7.887540714761542]
2022-11-02 17:07:42,684 Dixon.vns - La semilla es:77658922
2022-11-02 17:07:42,684 Dixon.vns - Empieza ejecucion MULTIARRANQUE: 
2022-11-02 17:07:42,931 Dixon.vns - El tiempo total de ejecucion en ms es: 247.19125
2022-11-02 17:07:42,931 Dixon.vns - Funcion:Dixon
2022-11-02 17:07:42,931 Dixon.vns - RangoInf: -100.0
2022-11-02 17:07:42,931 Dixon.vns - RangoSup: 100.0
2022-11-02 17:07:42,931 Dixon.vns - El coste del algoritmo ma es:8.969020507791395E7
2022-11-02 17:07:42,931 Dixon.vns - El numero de iteraciones recorridas es:1000
2022-11-02 17:07:42,931 Dixon.vns - El vector seria: [73.36284269080107, -52.495164148222884, -49.19446895480033, -67.5040616978164, 31.455528865669635, 95.8157320195472, 11.454160158772694, 14.758724166029253, 82.84962223309077, -91.0143502822941]
2022-11-02 17:07:42,932 Dixon.vns - La semilla es:27765892
2022-11-02 17:07:42,932 Dixon.vns - Empieza ejecucion MULTIARRANQUE: 
2022-11-02 17:07:43,187 Dixon.vns - El tiempo total de ejecucion en ms es: 255.263208
2022-11-02 17:07:43,188 Dixon.vns - Funcion:Dixon
2022-11-02 17:07:43,188 Dixon.vns - RangoInf: -100.0
2022-11-02 17:07:43,188 Dixon.vns - RangoSup: 100.0
2022-11-02 17:07:43,188 Dixon.vns - El coste del algoritmo ma es:1.3365836383218701E8
2022-11-02 17:07:43,188 Dixon.vns - El numero de iteraciones recorridas es:1000
2022-11-02 17:07:43,188 Dixon.vns - El vector seria: [55.24365850608763, -11.693798866650212, 49.039155609424256, -32.47278775060256, -54.782419764630404, 35.81415717973158, 19.856520012158853, -75.61124402375943, -80.05105333752083, -65.47838438958246]
2022-11-02 17:07:43,188 Dixon.vns - La semilla es:22776589
2022-11-02 17:07:43,188 Dixon.vns - Empieza ejecucion MULTIARRANQUE: 
2022-11-02 17:07:43,432 Dixon.vns - El tiempo total de ejecucion en ms es: 243.589292
2022-11-02 17:07:43,432 Dixon.vns - Funcion:Dixon
2022-11-02 17:07:43,432 Dixon.vns - RangoInf: -100.0
2022-11-02 17:07:43,433 Dixon.vns - RangoSup: 100.0
2022-11-02 17:07:43,433 Dixon.vns - El coste del algoritmo ma es:1.0745571191719371E8
2022-11-02 17:07:43,433 Dixon.vns - El numero de iteraciones recorridas es:1000
2022-11-02 17:07:43,434 Dixon.vns - El vector seria: [-25.24919563885149, -64.06406618374645, -57.558813983839755, -26.01911861929183, -22.948183389240896, 81.92352855265034, -0.7916577070611339, 98.07924237768702, 65.02654873036164, 80.94956090731017]
2022-11-02 17:07:43,434 Dixon.vns - La semilla es:92277658
