2022-11-02 17:07:40,874 Dixon.bl3 - Empieza ejecucion algoritmo BL3: 
2022-11-02 17:07:40,876 Dixon.bl3 - El tiempo total de ejecucion en ms es: 1.336917
2022-11-02 17:07:40,876 Dixon.bl3 - Funcion:Dixon
2022-11-02 17:07:40,876 Dixon.bl3 - RangoInf: -100.0
2022-11-02 17:07:40,876 Dixon.bl3 - RangoSup: 100.0
2022-11-02 17:07:40,876 Dixon.bl3 - El coste del algoritmo BL3 es:4.992472058197421E9
2022-11-02 17:07:40,877 Dixon.bl3 - El numero de iteraciones recorridas es:1
2022-11-02 17:07:40,877 Dixon.bl3 - El vector seria: [54.400072626574264, 41.009687140060926, 11.714323043785306, 7.582412008061723, 99.3450795722292, 25.58648795887987, 88.00440527690424, 42.21148670635728, -31.679730170759896, 19.615887522593283]
2022-11-02 17:07:40,877 Dixon.bl3 - La semilla es:76589227
2022-11-02 17:07:40,877 Dixon.bl3 - Empieza ejecucion algoritmo BL3: 
2022-11-02 17:07:40,877 Dixon.bl3 - El tiempo total de ejecucion en ms es: 0.042167
2022-11-02 17:07:40,877 Dixon.bl3 - Funcion:Dixon
2022-11-02 17:07:40,878 Dixon.bl3 - RangoInf: -100.0
2022-11-02 17:07:40,878 Dixon.bl3 - RangoSup: 100.0
2022-11-02 17:07:40,878 Dixon.bl3 - El coste del algoritmo BL3 es:6.046299327387139E9
2022-11-02 17:07:40,879 Dixon.bl3 - El numero de iteraciones recorridas es:1
2022-11-02 17:07:40,879 Dixon.bl3 - El vector seria: [91.59502741497167, 61.24533075493515, 45.511706956127945, 10.531659915004823, 63.77749946551862, 93.52799441553668, 80.13812180067612, -58.98377502809493, 99.66221344253222, 71.46124077779767]
2022-11-02 17:07:40,879 Dixon.bl3 - La semilla es:77658922
2022-11-02 17:07:40,880 Dixon.bl3 - Empieza ejecucion algoritmo BL3: 
2022-11-02 17:07:40,880 Dixon.bl3 - El tiempo total de ejecucion en ms es: 0.163834
2022-11-02 17:07:40,880 Dixon.bl3 - Funcion:Dixon
2022-11-02 17:07:40,880 Dixon.bl3 - RangoInf: -100.0
2022-11-02 17:07:40,880 Dixon.bl3 - RangoSup: 100.0
2022-11-02 17:07:40,880 Dixon.bl3 - El coste del algoritmo BL3 es:2.2110283273307323E10
2022-11-02 17:07:40,880 Dixon.bl3 - El numero de iteraciones recorridas es:0
2022-11-02 17:07:40,880 Dixon.bl3 - El vector seria: [89.91932349882467, 88.25888405315754, 55.237030694089555, -99.0750909304302, -71.95260422314303, 40.31534138751272, -57.245577018953895, 99.45596707145316, 28.19324527727045, -62.58396984047958]
2022-11-02 17:07:40,880 Dixon.bl3 - La semilla es:27765892
2022-11-02 17:07:40,880 Dixon.bl3 - Empieza ejecucion algoritmo BL3: 
2022-11-02 17:07:40,880 Dixon.bl3 - El tiempo total de ejecucion en ms es: 0.038416
2022-11-02 17:07:40,880 Dixon.bl3 - Funcion:Dixon
2022-11-02 17:07:40,880 Dixon.bl3 - RangoInf: -100.0
2022-11-02 17:07:40,880 Dixon.bl3 - RangoSup: 100.0
2022-11-02 17:07:40,880 Dixon.bl3 - El coste del algoritmo BL3 es:1.9365547352047024E10
2022-11-02 17:07:40,880 Dixon.bl3 - El numero de iteraciones recorridas es:1
2022-11-02 17:07:40,880 Dixon.bl3 - El vector seria: [3.200759102413742, -101.38536507167942, 83.85069805439011, 88.44504444939325, 88.99152709193864, 87.48389659556024, 58.38089211421038, 99.20914438396605, 85.32813773534247, 96.78843826541205]
2022-11-02 17:07:40,880 Dixon.bl3 - La semilla es:22776589
2022-11-02 17:07:40,880 Dixon.bl3 - Empieza ejecucion algoritmo BL3: 
2022-11-02 17:07:40,880 Dixon.bl3 - El tiempo total de ejecucion en ms es: 0.025708
2022-11-02 17:07:40,880 Dixon.bl3 - Funcion:Dixon
2022-11-02 17:07:40,880 Dixon.bl3 - RangoInf: -100.0
2022-11-02 17:07:40,881 Dixon.bl3 - RangoSup: 100.0
2022-11-02 17:07:40,881 Dixon.bl3 - El coste del algoritmo BL3 es:5.399465257962051E9
2022-11-02 17:07:40,881 Dixon.bl3 - El numero de iteraciones recorridas es:1
2022-11-02 17:07:40,881 Dixon.bl3 - El vector seria: [-71.57329716470728, 52.37460029002534, 62.54380162292086, 99.32062050576698, 80.88761817419685, 96.53937194295264, 97.33160494556293, 71.32557886513135, 0.6901229926597026, 83.5763684796736]
2022-11-02 17:07:40,881 Dixon.bl3 - La semilla es:92277658
