2022-11-02 17:07:48,627 Perm.tabu - Empieza ejecucion TABU: 
2022-11-02 17:07:48,894 Perm.tabu - El tiempo total de ejecucion en ms es: 267.145834
2022-11-02 17:07:48,894 Perm.tabu - Funcion:Perm
2022-11-02 17:07:48,894 Perm.tabu - RangoInf: -100.0
2022-11-02 17:07:48,894 Perm.tabu - RangoSup: 100.0
2022-11-02 17:07:48,894 Perm.tabu - El coste del algoritmo tabu es:9.605879227539045E19
2022-11-02 17:07:48,895 Perm.tabu - El numero de iteraciones recorridas es:1000
2022-11-02 17:07:48,895 Perm.tabu - El vector seria: [89.28066379160339, 87.84364874932103, 27.67672972672291, 26.422045915732564, 24.29995483948152, 41.52864483374935, 73.21693024219101, 25.055702193803153, 57.59138664391895, 59.817371101605254]
2022-11-02 17:07:48,895 Perm.tabu - La semilla es:76589227
2022-11-02 17:07:48,895 Perm.tabu - Empieza ejecucion TABU: 
2022-11-02 17:07:49,168 Perm.tabu - El tiempo total de ejecucion en ms es: 273.271375
2022-11-02 17:07:49,168 Perm.tabu - Funcion:Perm
2022-11-02 17:07:49,168 Perm.tabu - RangoInf: -100.0
2022-11-02 17:07:49,168 Perm.tabu - RangoSup: 100.0
2022-11-02 17:07:49,168 Perm.tabu - El coste del algoritmo tabu es:1.88696251167180134E18
2022-11-02 17:07:49,168 Perm.tabu - El numero de iteraciones recorridas es:1000
2022-11-02 17:07:49,168 Perm.tabu - El vector seria: [73.15040674279108, 86.38096619164608, 81.07809232938865, 89.14045017283254, 92.33110883023849, 66.79734333461914, 61.99979183060827, 84.23775691125083, 100.23575410555776, 63.710590908182375]
2022-11-02 17:07:49,168 Perm.tabu - La semilla es:77658922
2022-11-02 17:07:49,168 Perm.tabu - Empieza ejecucion TABU: 
2022-11-02 17:07:49,434 Perm.tabu - El tiempo total de ejecucion en ms es: 265.352375
2022-11-02 17:07:49,434 Perm.tabu - Funcion:Perm
2022-11-02 17:07:49,434 Perm.tabu - RangoInf: -100.0
2022-11-02 17:07:49,434 Perm.tabu - RangoSup: 100.0
2022-11-02 17:07:49,434 Perm.tabu - El coste del algoritmo tabu es:1.2913755325834269E19
2022-11-02 17:07:49,434 Perm.tabu - El numero de iteraciones recorridas es:1000
2022-11-02 17:07:49,434 Perm.tabu - El vector seria: [47.480615128993016, 73.2989062690587, 79.02533404555581, 49.8893748827213, 73.72647909282269, 55.67239980673551, 65.41691496665635, 42.14446068518755, 93.49190182837951, 80.26459346226555]
2022-11-02 17:07:49,434 Perm.tabu - La semilla es:27765892
2022-11-02 17:07:49,434 Perm.tabu - Empieza ejecucion TABU: 
2022-11-02 17:07:49,703 Perm.tabu - El tiempo total de ejecucion en ms es: 269.486458
2022-11-02 17:07:49,704 Perm.tabu - Funcion:Perm
2022-11-02 17:07:49,704 Perm.tabu - RangoInf: -100.0
2022-11-02 17:07:49,704 Perm.tabu - RangoSup: 100.0
2022-11-02 17:07:49,704 Perm.tabu - El coste del algoritmo tabu es:1.37196526990335667E18
2022-11-02 17:07:49,704 Perm.tabu - El numero de iteraciones recorridas es:1000
2022-11-02 17:07:49,704 Perm.tabu - El vector seria: [41.16238093728276, 75.18300124103372, 48.468711695959, 50.76534684798162, 42.990075522165974, 68.83380385481661, 51.149309669704415, 41.03656543470409, 84.80921822104226, 47.53790900206997]
2022-11-02 17:07:49,704 Perm.tabu - La semilla es:22776589
2022-11-02 17:07:49,704 Perm.tabu - Empieza ejecucion TABU: 
2022-11-02 17:07:49,972 Perm.tabu - El tiempo total de ejecucion en ms es: 268.594916
2022-11-02 17:07:49,972 Perm.tabu - Funcion:Perm
2022-11-02 17:07:49,972 Perm.tabu - RangoInf: -100.0
2022-11-02 17:07:49,972 Perm.tabu - RangoSup: 100.0
2022-11-02 17:07:49,972 Perm.tabu - El coste del algoritmo tabu es:3.3162169208192692E19
2022-11-02 17:07:49,972 Perm.tabu - El numero de iteraciones recorridas es:1000
2022-11-02 17:07:49,973 Perm.tabu - El vector seria: [75.09550867683078, 65.39416725448797, 74.6534921744853, 87.84955910076809, 30.536616258028715, 46.62837943191229, 53.49945234986782, 48.83349322284835, 59.9303905352063, 27.55944962333988]
2022-11-02 17:07:49,973 Perm.tabu - La semilla es:92277658
