2022-11-02 17:07:48,623 Perm.bl3 - Empieza ejecucion algoritmo BL3: 
2022-11-02 17:07:48,624 Perm.bl3 - El tiempo total de ejecucion en ms es: 0.96
2022-11-02 17:07:48,624 Perm.bl3 - Funcion:Perm
2022-11-02 17:07:48,624 Perm.bl3 - RangoInf: -100.0
2022-11-02 17:07:48,624 Perm.bl3 - RangoSup: 100.0
2022-11-02 17:07:48,624 Perm.bl3 - El coste del algoritmo BL3 es:1.1745615827637328E19
2022-11-02 17:07:48,624 Perm.bl3 - El numero de iteraciones recorridas es:1
2022-11-02 17:07:48,624 Perm.bl3 - El vector seria: [10.549557295364444, -38.16438301344914, 84.57527448288926, 20.40698267989178, 76.74181495757841, 62.6722664382036, 69.09344542998915, -0.3304079315433768, 18.397421924119712, 99.57175975171674]
2022-11-02 17:07:48,624 Perm.bl3 - La semilla es:76589227
2022-11-02 17:07:48,624 Perm.bl3 - Empieza ejecucion algoritmo BL3: 
2022-11-02 17:07:48,624 Perm.bl3 - El tiempo total de ejecucion en ms es: 0.080541
2022-11-02 17:07:48,624 Perm.bl3 - Funcion:Perm
2022-11-02 17:07:48,624 Perm.bl3 - RangoInf: -100.0
2022-11-02 17:07:48,624 Perm.bl3 - RangoSup: 100.0
2022-11-02 17:07:48,624 Perm.bl3 - El coste del algoritmo BL3 es:5.421916350233174E20
2022-11-02 17:07:48,624 Perm.bl3 - El numero de iteraciones recorridas es:1
2022-11-02 17:07:48,624 Perm.bl3 - El vector seria: [67.98376099000396, 54.47788439773544, 90.34654808998542, 81.99597814618559, 39.974310790712764, -1.1999000233514003, 38.44672062611081, 88.84329370682869, 34.77216615865693, 65.89633661876579]
2022-11-02 17:07:48,624 Perm.bl3 - La semilla es:77658922
2022-11-02 17:07:48,624 Perm.bl3 - Empieza ejecucion algoritmo BL3: 
2022-11-02 17:07:48,624 Perm.bl3 - El tiempo total de ejecucion en ms es: 0.046042
2022-11-02 17:07:48,624 Perm.bl3 - Funcion:Perm
2022-11-02 17:07:48,625 Perm.bl3 - RangoInf: -100.0
2022-11-02 17:07:48,625 Perm.bl3 - RangoSup: 100.0
2022-11-02 17:07:48,625 Perm.bl3 - El coste del algoritmo BL3 es:8.251513179831847E20
2022-11-02 17:07:48,625 Perm.bl3 - El numero de iteraciones recorridas es:0
2022-11-02 17:07:48,625 Perm.bl3 - El vector seria: [25.064005204308486, -94.33370223752316, 61.31760743268791, -12.73847039851448, 32.09334761932374, 18.01706188496067, 5.872786574549991, -3.326716575791778, 77.5193252878465, 49.332945645771616]
2022-11-02 17:07:48,625 Perm.bl3 - La semilla es:27765892
2022-11-02 17:07:48,625 Perm.bl3 - Empieza ejecucion algoritmo BL3: 
2022-11-02 17:07:48,625 Perm.bl3 - El tiempo total de ejecucion en ms es: 0.045417
2022-11-02 17:07:48,625 Perm.bl3 - Funcion:Perm
2022-11-02 17:07:48,625 Perm.bl3 - RangoInf: -100.0
2022-11-02 17:07:48,625 Perm.bl3 - RangoSup: 100.0
2022-11-02 17:07:48,625 Perm.bl3 - El coste del algoritmo BL3 es:1.8063474155092257E21
2022-11-02 17:07:48,625 Perm.bl3 - El numero de iteraciones recorridas es:0
2022-11-02 17:07:48,625 Perm.bl3 - El vector seria: [20.805873900451786, 7.914604011028985, 53.357546586740824, 57.924613053721515, -76.50516191129495, 47.27859431199826, 99.56479510869576, 69.50553576425744, -52.85692368604886, 11.844330161507415]
2022-11-02 17:07:48,625 Perm.bl3 - La semilla es:22776589
2022-11-02 17:07:48,625 Perm.bl3 - Empieza ejecucion algoritmo BL3: 
2022-11-02 17:07:48,625 Perm.bl3 - El tiempo total de ejecucion en ms es: 0.073209
2022-11-02 17:07:48,625 Perm.bl3 - Funcion:Perm
2022-11-02 17:07:48,625 Perm.bl3 - RangoInf: -100.0
2022-11-02 17:07:48,625 Perm.bl3 - RangoSup: 100.0
2022-11-02 17:07:48,625 Perm.bl3 - El coste del algoritmo BL3 es:6.822948826234969E20
2022-11-02 17:07:48,625 Perm.bl3 - El numero de iteraciones recorridas es:1
2022-11-02 17:07:48,625 Perm.bl3 - El vector seria: [67.59536620838453, 59.12739611485638, 5.096764086182599, 98.05658865671231, 73.85984679849706, 88.15567242759114, 72.15651115899037, 56.78675586385789, 66.25091087223316, 82.01677734450884]
2022-11-02 17:07:48,625 Perm.bl3 - La semilla es:92277658
