2022-11-02 17:07:47,359 michale.vns - Empieza ejecucion MULTIARRANQUE: 
2022-11-02 17:07:47,618 michale.vns - El tiempo total de ejecucion en ms es: 258.133958
2022-11-02 17:07:47,619 michale.vns - Funcion:michale
2022-11-02 17:07:47,620 michale.vns - RangoInf: 0.0
2022-11-02 17:07:47,621 michale.vns - RangoSup: 3.141592653589793
2022-11-02 17:07:47,622 michale.vns - El coste del algoritmo ma es:-3.4528871951236284
2022-11-02 17:07:47,622 michale.vns - El numero de iteraciones recorridas es:1000
2022-11-02 17:07:47,623 michale.vns - El vector seria: [0.28239891829531466, 1.3394703563348989, 2.9115027056976532, 2.1347318957936103, 2.705692995874367, 1.4786806309910683, 1.6401386682578643, 2.2443567025592066, 2.9482016815712746, 1.2798689793511773]
2022-11-02 17:07:47,623 michale.vns - La semilla es:76589227
2022-11-02 17:07:47,623 michale.vns - Empieza ejecucion MULTIARRANQUE: 
2022-11-02 17:07:47,865 michale.vns - El tiempo total de ejecucion en ms es: 241.015667
2022-11-02 17:07:47,866 michale.vns - Funcion:michale
2022-11-02 17:07:47,867 michale.vns - RangoInf: 0.0
2022-11-02 17:07:47,868 michale.vns - RangoSup: 3.141592653589793
2022-11-02 17:07:47,869 michale.vns - El coste del algoritmo ma es:-4.2204291832130725
2022-11-02 17:07:47,869 michale.vns - El numero de iteraciones recorridas es:1000
2022-11-02 17:07:47,870 michale.vns - El vector seria: [3.1377358812386853, 1.905584710179348, 0.8625267652418868, 2.5108581789085043, 2.3832315579533154, 2.2646887797493815, 1.2743660569642992, 1.0312777807388345, 0.7113376736921554, 2.522982162138828]
2022-11-02 17:07:47,870 michale.vns - La semilla es:77658922
2022-11-02 17:07:47,870 michale.vns - Empieza ejecucion MULTIARRANQUE: 
2022-11-02 17:07:48,122 michale.vns - El tiempo total de ejecucion en ms es: 251.345458
2022-11-02 17:07:48,122 michale.vns - Funcion:michale
2022-11-02 17:07:48,122 michale.vns - RangoInf: 0.0
2022-11-02 17:07:48,122 michale.vns - RangoSup: 3.141592653589793
2022-11-02 17:07:48,122 michale.vns - El coste del algoritmo ma es:1.3388580279300712
2022-11-02 17:07:48,122 michale.vns - El numero de iteraciones recorridas es:1000
2022-11-02 17:07:48,122 michale.vns - El vector seria: [0.09233208400929653, 1.5228275226602956, 2.7899846551828387, 2.9566208818393136, 2.5182567136793814, 0.8416784328051722, 2.056026921427691, 0.74036700817387, 0.6571917240530695, 2.3562799988782355]
2022-11-02 17:07:48,122 michale.vns - La semilla es:27765892
2022-11-02 17:07:48,122 michale.vns - Empieza ejecucion MULTIARRANQUE: 
2022-11-02 17:07:48,376 michale.vns - El tiempo total de ejecucion en ms es: 254.039834
2022-11-02 17:07:48,376 michale.vns - Funcion:michale
2022-11-02 17:07:48,376 michale.vns - RangoInf: 0.0
2022-11-02 17:07:48,376 michale.vns - RangoSup: 3.141592653589793
2022-11-02 17:07:48,376 michale.vns - El coste del algoritmo ma es:-1.4719563371745175
2022-11-02 17:07:48,376 michale.vns - El numero de iteraciones recorridas es:1000
2022-11-02 17:07:48,376 michale.vns - El vector seria: [1.6598328425510258, 1.9515638013985785, 0.8953194835024187, 1.4459791360644756, 2.3593298727722734, 0.024623746943271123, 2.6261087670363685, 0.880223225722387, 0.14272252292410326, 2.956272253479944]
2022-11-02 17:07:48,376 michale.vns - La semilla es:22776589
2022-11-02 17:07:48,376 michale.vns - Empieza ejecucion MULTIARRANQUE: 
2022-11-02 17:07:48,622 michale.vns - El tiempo total de ejecucion en ms es: 246.291833
2022-11-02 17:07:48,623 michale.vns - Funcion:michale
2022-11-02 17:07:48,623 michale.vns - RangoInf: 0.0
2022-11-02 17:07:48,623 michale.vns - RangoSup: 3.141592653589793
2022-11-02 17:07:48,623 michale.vns - El coste del algoritmo ma es:-1.0625239726754476
2022-11-02 17:07:48,623 michale.vns - El numero de iteraciones recorridas es:1000
2022-11-02 17:07:48,623 michale.vns - El vector seria: [1.8092029922008879, 1.3184844244253604, 1.935721531983987, 2.577631480831664, 1.6109588192894517, 1.685871896565109, 1.3847195234688638, 2.806919812738029, 2.432719009869242, 1.8688484113629127]
2022-11-02 17:07:48,623 michale.vns - La semilla es:92277658
