2022-11-02 17:07:53,834 Rosen.tabu - Empieza ejecucion TABU: 
2022-11-02 17:07:54,083 Rosen.tabu - El tiempo total de ejecucion en ms es: 248.23225
2022-11-02 17:07:54,083 Rosen.tabu - Funcion:Rosen
2022-11-02 17:07:54,083 Rosen.tabu - RangoInf: -5.0
2022-11-02 17:07:54,083 Rosen.tabu - RangoSup: 10.0
2022-11-02 17:07:54,084 Rosen.tabu - El coste del algoritmo tabu es:62.37158754336319
2022-11-02 17:07:54,084 Rosen.tabu - El numero de iteraciones recorridas es:1000
2022-11-02 17:07:54,084 Rosen.tabu - El vector seria: [7.894628076016483, 8.65327396255612, 4.886348860080317, 7.463744486725838, 4.778134146403494, 4.985703223691761, 6.407791969143292, 9.648957636669985, 5.356022873615175, 7.187541974926939]
2022-11-02 17:07:54,084 Rosen.tabu - La semilla es:76589227
2022-11-02 17:07:54,084 Rosen.tabu - Empieza ejecucion TABU: 
2022-11-02 17:07:54,337 Rosen.tabu - El tiempo total de ejecucion en ms es: 252.504459
2022-11-02 17:07:54,337 Rosen.tabu - Funcion:Rosen
2022-11-02 17:07:54,337 Rosen.tabu - RangoInf: -5.0
2022-11-02 17:07:54,337 Rosen.tabu - RangoSup: 10.0
2022-11-02 17:07:54,337 Rosen.tabu - El coste del algoritmo tabu es:133.9728480377494
2022-11-02 17:07:54,337 Rosen.tabu - El numero de iteraciones recorridas es:1000
2022-11-02 17:07:54,337 Rosen.tabu - El vector seria: [6.635833233948754, 3.0577906959368266, 3.082846282307573, 5.203778178117244, 3.8362068751868805, 3.402233818981532, 6.325472108497795, 5.12172312557523, 4.133229026859663, 4.388738927611911]
2022-11-02 17:07:54,337 Rosen.tabu - La semilla es:77658922
2022-11-02 17:07:54,337 Rosen.tabu - Empieza ejecucion TABU: 
2022-11-02 17:07:54,581 Rosen.tabu - El tiempo total de ejecucion en ms es: 243.888875
2022-11-02 17:07:54,581 Rosen.tabu - Funcion:Rosen
2022-11-02 17:07:54,581 Rosen.tabu - RangoInf: -5.0
2022-11-02 17:07:54,581 Rosen.tabu - RangoSup: 10.0
2022-11-02 17:07:54,581 Rosen.tabu - El coste del algoritmo tabu es:243.0229047271694
2022-11-02 17:07:54,581 Rosen.tabu - El numero de iteraciones recorridas es:1000
2022-11-02 17:07:54,581 Rosen.tabu - El vector seria: [7.732683872697637, 8.910133799010593, 6.5303295046494965, 8.62322530546061, 5.693113711039837, 4.080545951150886, 6.962127616892099, 5.765281128274525, 6.401844631236331, 3.380886983888674]
2022-11-02 17:07:54,581 Rosen.tabu - La semilla es:27765892
2022-11-02 17:07:54,581 Rosen.tabu - Empieza ejecucion TABU: 
2022-11-02 17:07:54,835 Rosen.tabu - El tiempo total de ejecucion en ms es: 253.744542
2022-11-02 17:07:54,835 Rosen.tabu - Funcion:Rosen
2022-11-02 17:07:54,835 Rosen.tabu - RangoInf: -5.0
2022-11-02 17:07:54,835 Rosen.tabu - RangoSup: 10.0
2022-11-02 17:07:54,835 Rosen.tabu - El coste del algoritmo tabu es:273.0458583326449
2022-11-02 17:07:54,836 Rosen.tabu - El numero de iteraciones recorridas es:1000
2022-11-02 17:07:54,836 Rosen.tabu - El vector seria: [9.606312720867248, 6.346088595224737, 8.841926636947816, 8.944578654526403, 7.668093506367756, 6.99324412487597, 9.08495412912476, 6.670190502690276, 8.754580662777727, 8.355741339163309]
2022-11-02 17:07:54,836 Rosen.tabu - La semilla es:22776589
2022-11-02 17:07:54,836 Rosen.tabu - Empieza ejecucion TABU: 
2022-11-02 17:07:55,074 Rosen.tabu - El tiempo total de ejecucion en ms es: 238.825209
2022-11-02 17:07:55,075 Rosen.tabu - Funcion:Rosen
2022-11-02 17:07:55,075 Rosen.tabu - RangoInf: -5.0
2022-11-02 17:07:55,075 Rosen.tabu - RangoSup: 10.0
2022-11-02 17:07:55,075 Rosen.tabu - El coste del algoritmo tabu es:207.7289030157449
2022-11-02 17:07:55,075 Rosen.tabu - El numero de iteraciones recorridas es:1000
2022-11-02 17:07:55,075 Rosen.tabu - El vector seria: [6.986354474257135, 7.877508944633483, 6.98646993989613, 5.466881766501231, 7.8017735083492745, 7.964740718083343, 6.758319653081912, 5.747363299192317, 5.7468533456907425, 5.3893531564348685]
2022-11-02 17:07:55,075 Rosen.tabu - La semilla es:92277658
