2022-11-02 17:07:53,831 Rosen.bl3 - Empieza ejecucion algoritmo BL3: 
2022-11-02 17:07:53,831 Rosen.bl3 - El tiempo total de ejecucion en ms es: 0.732625
2022-11-02 17:07:53,831 Rosen.bl3 - Funcion:Rosen
2022-11-02 17:07:53,832 Rosen.bl3 - RangoInf: -5.0
2022-11-02 17:07:53,832 Rosen.bl3 - RangoSup: 10.0
2022-11-02 17:07:53,832 Rosen.bl3 - El coste del algoritmo BL3 es:491.26981935583706
2022-11-02 17:07:53,832 Rosen.bl3 - El numero de iteraciones recorridas es:0
2022-11-02 17:07:53,832 Rosen.bl3 - El vector seria: [1.4769597759879902, -4.088123361194958, -4.18731247208696, -2.2012979277064137, -1.5251148176162461, 5.443369457525364, 2.459030026454326, -4.34733032174864, 0.18900563435298867, 6.836113613329399]
2022-11-02 17:07:53,832 Rosen.bl3 - La semilla es:76589227
2022-11-02 17:07:53,832 Rosen.bl3 - Empieza ejecucion algoritmo BL3: 
2022-11-02 17:07:53,832 Rosen.bl3 - El tiempo total de ejecucion en ms es: 0.02525
2022-11-02 17:07:53,832 Rosen.bl3 - Funcion:Rosen
2022-11-02 17:07:53,832 Rosen.bl3 - RangoInf: -5.0
2022-11-02 17:07:53,832 Rosen.bl3 - RangoSup: 10.0
2022-11-02 17:07:53,832 Rosen.bl3 - El coste del algoritmo BL3 es:837.2705159715122
2022-11-02 17:07:53,832 Rosen.bl3 - El numero de iteraciones recorridas es:0
2022-11-02 17:07:53,832 Rosen.bl3 - El vector seria: [0.06167823828508201, 2.6362646992338137, 3.866962141918343, 8.308531715918, -2.0755076051825676, 6.658364232334533, -2.914698643773593, -0.3805999635313233, 6.174394156562425, 4.994041945652917]
2022-11-02 17:07:53,832 Rosen.bl3 - La semilla es:77658922
2022-11-02 17:07:53,832 Rosen.bl3 - Empieza ejecucion algoritmo BL3: 
2022-11-02 17:07:53,832 Rosen.bl3 - El tiempo total de ejecucion en ms es: 0.027375
2022-11-02 17:07:53,832 Rosen.bl3 - Funcion:Rosen
2022-11-02 17:07:53,832 Rosen.bl3 - RangoInf: -5.0
2022-11-02 17:07:53,832 Rosen.bl3 - RangoSup: 10.0
2022-11-02 17:07:53,832 Rosen.bl3 - El coste del algoritmo BL3 es:756.4959035834595
2022-11-02 17:07:53,832 Rosen.bl3 - El numero de iteraciones recorridas es:1
2022-11-02 17:07:53,832 Rosen.bl3 - El vector seria: [9.602499662360382, 7.556854571942407, 9.318496224463662, 9.278306074324714, 6.738626276395111, 6.6604586689363, 5.929027379138308, 8.692970180302083, 3.4895890763328907, 8.732401236543327]
2022-11-02 17:07:53,832 Rosen.bl3 - La semilla es:27765892
2022-11-02 17:07:53,832 Rosen.bl3 - Empieza ejecucion algoritmo BL3: 
2022-11-02 17:07:53,832 Rosen.bl3 - El tiempo total de ejecucion en ms es: 0.02
2022-11-02 17:07:53,832 Rosen.bl3 - Funcion:Rosen
2022-11-02 17:07:53,833 Rosen.bl3 - RangoInf: -5.0
2022-11-02 17:07:53,833 Rosen.bl3 - RangoSup: 10.0
2022-11-02 17:07:53,834 Rosen.bl3 - El coste del algoritmo BL3 es:1761.1723682351444
2022-11-02 17:07:53,834 Rosen.bl3 - El numero de iteraciones recorridas es:0
2022-11-02 17:07:53,834 Rosen.bl3 - El vector seria: [-0.6784734158475301, 9.12397050265951, 7.239177070563482, 0.7831048890433001, 6.178015347300773, 9.995101784134983, -4.22653191785611, -3.6933902618189185, 7.015328381416408, 0.7659657336656327]
2022-11-02 17:07:53,834 Rosen.bl3 - La semilla es:22776589
2022-11-02 17:07:53,834 Rosen.bl3 - Empieza ejecucion algoritmo BL3: 
2022-11-02 17:07:53,834 Rosen.bl3 - El tiempo total de ejecucion en ms es: 0.022917
2022-11-02 17:07:53,834 Rosen.bl3 - Funcion:Rosen
2022-11-02 17:07:53,834 Rosen.bl3 - RangoInf: -5.0
2022-11-02 17:07:53,834 Rosen.bl3 - RangoSup: 10.0
2022-11-02 17:07:53,834 Rosen.bl3 - El coste del algoritmo BL3 es:887.879715708846
2022-11-02 17:07:53,834 Rosen.bl3 - El numero de iteraciones recorridas es:0
2022-11-02 17:07:53,834 Rosen.bl3 - El vector seria: [3.5253229680324925, -2.793535678516954, 0.22905609922608683, 8.029705215037955, 7.199161440084762, -1.4325261181046072, -3.51235786090046, 2.6780624649784555, 2.769736621534986, 2.9363412750544695]
2022-11-02 17:07:53,834 Rosen.bl3 - La semilla es:92277658
