2022-11-02 17:07:51,345 Rast.bl3 - Empieza ejecucion algoritmo BL3: 
2022-11-02 17:07:51,346 Rast.bl3 - El tiempo total de ejecucion en ms es: 0.719083
2022-11-02 17:07:51,346 Rast.bl3 - Funcion:Rast
2022-11-02 17:07:51,346 Rast.bl3 - RangoInf: -51.12
2022-11-02 17:07:51,346 Rast.bl3 - RangoSup: 51.12
2022-11-02 17:07:51,346 Rast.bl3 - El coste del algoritmo BL3 es:12017.022852147364
2022-11-02 17:07:51,346 Rast.bl3 - El numero de iteraciones recorridas es:0
2022-11-02 17:07:51,346 Rast.bl3 - El vector seria: [2.8379295768642123, 41.64694892061062, 30.52154991955664, -48.61773096591393, 27.175218115824244, 10.39303281358162, -42.38485370555088, -32.197696908874484, -35.85251781712945, 43.424084133027456]
2022-11-02 17:07:51,346 Rast.bl3 - La semilla es:76589227
2022-11-02 17:07:51,346 Rast.bl3 - Empieza ejecucion algoritmo BL3: 
2022-11-02 17:07:51,346 Rast.bl3 - El tiempo total de ejecucion en ms es: 0.028208
2022-11-02 17:07:51,346 Rast.bl3 - Funcion:Rast
2022-11-02 17:07:51,346 Rast.bl3 - RangoInf: -51.12
2022-11-02 17:07:51,346 Rast.bl3 - RangoSup: 51.12
2022-11-02 17:07:51,346 Rast.bl3 - El coste del algoritmo BL3 es:10734.987809909062
2022-11-02 17:07:51,346 Rast.bl3 - El numero de iteraciones recorridas es:2
2022-11-02 17:07:51,346 Rast.bl3 - El vector seria: [45.948568268466786, 38.54465457536055, 13.227272231155336, 51.02182179376668, 1.763033493189461, 45.71880715801137, 49.71779649639914, 45.07923140072752, 33.30736064111704, -29.957247964395943]
2022-11-02 17:07:51,346 Rast.bl3 - La semilla es:77658922
2022-11-02 17:07:51,346 Rast.bl3 - Empieza ejecucion algoritmo BL3: 
2022-11-02 17:07:51,346 Rast.bl3 - El tiempo total de ejecucion en ms es: 0.043541
2022-11-02 17:07:51,346 Rast.bl3 - Funcion:Rast
2022-11-02 17:07:51,346 Rast.bl3 - RangoInf: -51.12
2022-11-02 17:07:51,346 Rast.bl3 - RangoSup: 51.12
2022-11-02 17:07:51,346 Rast.bl3 - El coste del algoritmo BL3 es:8024.584528341517
2022-11-02 17:07:51,346 Rast.bl3 - El numero de iteraciones recorridas es:0
2022-11-02 17:07:51,346 Rast.bl3 - El vector seria: [-1.4882835033314947, -39.78813030775438, -38.91462445739438, -30.906255367063768, 46.93833579165126, 22.84586907949285, -21.815154486108643, -5.417791688875894, -11.642922400019309, -22.94506114479511]
2022-11-02 17:07:51,346 Rast.bl3 - La semilla es:27765892
2022-11-02 17:07:51,346 Rast.bl3 - Empieza ejecucion algoritmo BL3: 
2022-11-02 17:07:51,346 Rast.bl3 - El tiempo total de ejecucion en ms es: 0.0125
2022-11-02 17:07:51,346 Rast.bl3 - Funcion:Rast
2022-11-02 17:07:51,346 Rast.bl3 - RangoInf: -51.12
2022-11-02 17:07:51,346 Rast.bl3 - RangoSup: 51.12
2022-11-02 17:07:51,346 Rast.bl3 - El coste del algoritmo BL3 es:7256.1350692360575
2022-11-02 17:07:51,346 Rast.bl3 - El numero de iteraciones recorridas es:0
2022-11-02 17:07:51,347 Rast.bl3 - El vector seria: [-25.1676238348324, 15.499900964022522, 31.558340515022245, -26.895457194726845, 30.26919916176896, 29.79859430170685, -44.38167144309585, 9.087238802522585, 22.53882922032249, 13.871869603787168]
2022-11-02 17:07:51,347 Rast.bl3 - La semilla es:22776589
2022-11-02 17:07:51,347 Rast.bl3 - Empieza ejecucion algoritmo BL3: 
2022-11-02 17:07:51,347 Rast.bl3 - El tiempo total de ejecucion en ms es: 0.012667
2022-11-02 17:07:51,347 Rast.bl3 - Funcion:Rast
2022-11-02 17:07:51,347 Rast.bl3 - RangoInf: -51.12
2022-11-02 17:07:51,347 Rast.bl3 - RangoSup: 51.12
2022-11-02 17:07:51,347 Rast.bl3 - El coste del algoritmo BL3 es:5741.792885880219
2022-11-02 17:07:51,347 Rast.bl3 - El numero de iteraciones recorridas es:0
2022-11-02 17:07:51,347 Rast.bl3 - El vector seria: [11.521796702246071, -37.09329464180742, 8.11496809592633, -6.257648297979067, 18.93702117851287, -7.0198212429923075, -18.26864802459245, -39.996103875691155, 0.3199883353151449, 41.35120985313066]
2022-11-02 17:07:51,347 Rast.bl3 - La semilla es:92277658
