2022-11-02 17:07:51,347 Rast.tabu - Empieza ejecucion TABU: 
2022-11-02 17:07:51,593 Rast.tabu - El tiempo total de ejecucion en ms es: 245.643041
2022-11-02 17:07:51,594 Rast.tabu - Funcion:Rast
2022-11-02 17:07:51,594 Rast.tabu - RangoInf: -51.12
2022-11-02 17:07:51,594 Rast.tabu - RangoSup: 51.12
2022-11-02 17:07:51,594 Rast.tabu - El coste del algoritmo tabu es:1436.6507978470695
2022-11-02 17:07:51,594 Rast.tabu - El numero de iteraciones recorridas es:1000
2022-11-02 17:07:51,594 Rast.tabu - El vector seria: [47.37577573789131, 30.910434914255298, 39.72463231646802, 39.249302340631424, 37.68363579576077, 31.834261998453226, 33.635020446727395, 19.47995431419362, 36.236033274651696, 12.141172445852897]
2022-11-02 17:07:51,595 Rast.tabu - La semilla es:76589227
2022-11-02 17:07:51,595 Rast.tabu - Empieza ejecucion TABU: 
2022-11-02 17:07:51,842 Rast.tabu - El tiempo total de ejecucion en ms es: 247.134791
2022-11-02 17:07:51,842 Rast.tabu - Funcion:Rast
2022-11-02 17:07:51,842 Rast.tabu - RangoInf: -51.12
2022-11-02 17:07:51,842 Rast.tabu - RangoSup: 51.12
2022-11-02 17:07:51,842 Rast.tabu - El coste del algoritmo tabu es:1807.5132268139942
2022-11-02 17:07:51,842 Rast.tabu - El numero de iteraciones recorridas es:1000
2022-11-02 17:07:51,842 Rast.tabu - El vector seria: [42.336894716065174, 38.24746829496876, 36.841799444906854, 41.30072971286614, 45.50142157496202, 37.908580834164226, 49.5924390838605, 47.060895840241244, 47.239464821349074, 47.07894389266835]
2022-11-02 17:07:51,842 Rast.tabu - La semilla es:77658922
2022-11-02 17:07:51,842 Rast.tabu - Empieza ejecucion TABU: 
2022-11-02 17:07:52,083 Rast.tabu - El tiempo total de ejecucion en ms es: 241.158208
2022-11-02 17:07:52,083 Rast.tabu - Funcion:Rast
2022-11-02 17:07:52,083 Rast.tabu - RangoInf: -51.12
2022-11-02 17:07:52,083 Rast.tabu - RangoSup: 51.12
2022-11-02 17:07:52,083 Rast.tabu - El coste del algoritmo tabu es:2864.226712904181
2022-11-02 17:07:52,083 Rast.tabu - El numero de iteraciones recorridas es:1000
2022-11-02 17:07:52,083 Rast.tabu - El vector seria: [21.067769849690322, 24.43950411252908, 25.632855241645572, 26.86433267559964, 42.25981175733783, 20.92086417690446, 36.15158899703464, 47.42372246596025, 45.29763290645984, 39.27954751484633]
2022-11-02 17:07:52,083 Rast.tabu - La semilla es:27765892
2022-11-02 17:07:52,083 Rast.tabu - Empieza ejecucion TABU: 
2022-11-02 17:07:52,333 Rast.tabu - El tiempo total de ejecucion en ms es: 249.475417
2022-11-02 17:07:52,333 Rast.tabu - Funcion:Rast
2022-11-02 17:07:52,333 Rast.tabu - RangoInf: -51.12
2022-11-02 17:07:52,333 Rast.tabu - RangoSup: 51.12
2022-11-02 17:07:52,333 Rast.tabu - El coste del algoritmo tabu es:1795.6606178607012
2022-11-02 17:07:52,333 Rast.tabu - El numero de iteraciones recorridas es:1000
2022-11-02 17:07:52,333 Rast.tabu - El vector seria: [42.96674446676949, 31.165315798999654, 42.43139972535308, 18.397391446192014, 39.04384387983017, 19.841306680595096, 45.28408933268946, 23.772787949538365, 18.252082230205396, 36.89659554007981]
2022-11-02 17:07:52,333 Rast.tabu - La semilla es:22776589
2022-11-02 17:07:52,333 Rast.tabu - Empieza ejecucion TABU: 
2022-11-02 17:07:52,574 Rast.tabu - El tiempo total de ejecucion en ms es: 240.950375
2022-11-02 17:07:52,576 Rast.tabu - Funcion:Rast
2022-11-02 17:07:52,576 Rast.tabu - RangoInf: -51.12
2022-11-02 17:07:52,576 Rast.tabu - RangoSup: 51.12
2022-11-02 17:07:52,576 Rast.tabu - El coste del algoritmo tabu es:2164.2537619932473
2022-11-02 17:07:52,576 Rast.tabu - El numero de iteraciones recorridas es:1000
2022-11-02 17:07:52,576 Rast.tabu - El vector seria: [36.1499329948046, 21.972658310914767, 41.83696232468824, 43.89639985629856, 23.40497817954006, 34.58975864500161, 40.56999081645162, 40.36414169396072, 16.20354097614612, 50.73759624492309]
2022-11-02 17:07:52,576 Rast.tabu - La semilla es:92277658
