2022-11-02 17:07:39,534 Ackley.vns - Empieza ejecucion MULTIARRANQUE: 
2022-11-02 17:07:39,824 Ackley.vns - El tiempo total de ejecucion en ms es: 288.979125
2022-11-02 17:07:39,824 Ackley.vns - Funcion:Ackley
2022-11-02 17:07:39,825 Ackley.vns - RangoInf: -32768.0
2022-11-02 17:07:39,826 Ackley.vns - RangoSup: 32768.0
2022-11-02 17:07:39,826 Ackley.vns - El coste del algoritmo ma es:20.658748794051174
2022-11-02 17:07:39,827 Ackley.vns - El numero de iteraciones recorridas es:1000
2022-11-02 17:07:39,827 Ackley.vns - El vector seria: [24076.327514450226, 10955.29702964639, 16396.733621380765, -3898.678391123176, 24705.665177313196, 17922.926124703212, -24239.894466232625, -31732.217587050174, -11576.601328266159, 15648.722145236134]
2022-11-02 17:07:39,828 Ackley.vns - La semilla es:76589227
2022-11-02 17:07:39,829 Ackley.vns - Empieza ejecucion MULTIARRANQUE: 
2022-11-02 17:07:40,095 Ackley.vns - El tiempo total de ejecucion en ms es: 266.061625
2022-11-02 17:07:40,097 Ackley.vns - Funcion:Ackley
2022-11-02 17:07:40,098 Ackley.vns - RangoInf: -32768.0
2022-11-02 17:07:40,099 Ackley.vns - RangoSup: 32768.0
2022-11-02 17:07:40,099 Ackley.vns - El coste del algoritmo ma es:20.63116427790729
2022-11-02 17:07:40,100 Ackley.vns - El numero de iteraciones recorridas es:1000
2022-11-02 17:07:40,101 Ackley.vns - El vector seria: [-21109.97755120445, 22268.73035004906, -20840.339925462096, 23690.380995313215, -24295.305272381374, 42.2596134696214, -12931.213009327563, -21979.726877891364, 17613.231320755636, 32612.76202321901]
2022-11-02 17:07:40,101 Ackley.vns - La semilla es:77658922
2022-11-02 17:07:40,102 Ackley.vns - Empieza ejecucion MULTIARRANQUE: 
2022-11-02 17:07:40,360 Ackley.vns - El tiempo total de ejecucion en ms es: 258.244167
2022-11-02 17:07:40,360 Ackley.vns - Funcion:Ackley
2022-11-02 17:07:40,360 Ackley.vns - RangoInf: -32768.0
2022-11-02 17:07:40,360 Ackley.vns - RangoSup: 32768.0
2022-11-02 17:07:40,360 Ackley.vns - El coste del algoritmo ma es:20.59602229719942
2022-11-02 17:07:40,361 Ackley.vns - El numero de iteraciones recorridas es:1000
2022-11-02 17:07:40,361 Ackley.vns - El vector seria: [30777.690322513445, -28554.10226982332, 5354.069527464308, 1597.948061727162, -1965.3396331378972, 27509.58316751272, -13356.17465219093, 5903.878360474431, 10026.638931459587, 3363.917235225541]
2022-11-02 17:07:40,361 Ackley.vns - La semilla es:27765892
2022-11-02 17:07:40,361 Ackley.vns - Empieza ejecucion MULTIARRANQUE: 
2022-11-02 17:07:40,614 Ackley.vns - El tiempo total de ejecucion en ms es: 253.266583
2022-11-02 17:07:40,614 Ackley.vns - Funcion:Ackley
2022-11-02 17:07:40,615 Ackley.vns - RangoInf: -32768.0
2022-11-02 17:07:40,615 Ackley.vns - RangoSup: 32768.0
2022-11-02 17:07:40,615 Ackley.vns - El coste del algoritmo ma es:20.591105403241365
2022-11-02 17:07:40,615 Ackley.vns - El numero de iteraciones recorridas es:1000
2022-11-02 17:07:40,615 Ackley.vns - El vector seria: [25747.471755664563, 16254.608255403575, -19906.17621788707, 30694.053515360785, 16224.48341667372, -11777.670932640096, 27252.45250924718, 27708.101010771876, 30945.08041153104, 16106.73682214853]
2022-11-02 17:07:40,615 Ackley.vns - La semilla es:22776589
2022-11-02 17:07:40,615 Ackley.vns - Empieza ejecucion MULTIARRANQUE: 
2022-11-02 17:07:40,871 Ackley.vns - El tiempo total de ejecucion en ms es: 254.587334
2022-11-02 17:07:40,871 Ackley.vns - Funcion:Ackley
2022-11-02 17:07:40,872 Ackley.vns - RangoInf: -32768.0
2022-11-02 17:07:40,873 Ackley.vns - RangoSup: 32768.0
2022-11-02 17:07:40,873 Ackley.vns - El coste del algoritmo ma es:20.56240215793722
2022-11-02 17:07:40,874 Ackley.vns - El numero de iteraciones recorridas es:1000
2022-11-02 17:07:40,874 Ackley.vns - El vector seria: [19712.122554756934, -8422.600625492145, -22205.760948807307, 21197.69284428103, 30501.382170267992, 13071.54782704122, 13535.648824081101, -14227.351937912892, 4578.37175291351, -27454.489657050894]
2022-11-02 17:07:40,874 Ackley.vns - La semilla es:92277658
