2022-11-02 17:07:46,054 michale.bl3 - Empieza ejecucion algoritmo BL3: 
2022-11-02 17:07:46,055 michale.bl3 - El tiempo total de ejecucion en ms es: 0.920292
2022-11-02 17:07:46,055 michale.bl3 - Funcion:michale
2022-11-02 17:07:46,055 michale.bl3 - RangoInf: 0.0
2022-11-02 17:07:46,055 michale.bl3 - RangoSup: 3.141592653589793
2022-11-02 17:07:46,055 michale.bl3 - El coste del algoritmo BL3 es:-2.1078015991252372
2022-11-02 17:07:46,055 michale.bl3 - El numero de iteraciones recorridas es:3
2022-11-02 17:07:46,055 michale.bl3 - El vector seria: [3.113040377438198, 2.815275318760462, 2.7954874527701215, 3.054395416452887, 3.13663856424621, 2.212447686648365, 3.0174362297267123, 2.703768247677945, 2.453229612672036, 2.7781725441939384]
2022-11-02 17:07:46,055 michale.bl3 - La semilla es:76589227
2022-11-02 17:07:46,055 michale.bl3 - Empieza ejecucion algoritmo BL3: 
2022-11-02 17:07:46,055 michale.bl3 - El tiempo total de ejecucion en ms es: 0.021625
2022-11-02 17:07:46,055 michale.bl3 - Funcion:michale
2022-11-02 17:07:46,055 michale.bl3 - RangoInf: 0.0
2022-11-02 17:07:46,055 michale.bl3 - RangoSup: 3.141592653589793
2022-11-02 17:07:46,055 michale.bl3 - El coste del algoritmo BL3 es:-1.2701410401440498
2022-11-02 17:07:46,055 michale.bl3 - El numero de iteraciones recorridas es:0
2022-11-02 17:07:46,055 michale.bl3 - El vector seria: [1.1726059935578617, 0.02281449460753812, 1.6159373589367614, 0.03169494384415499, 0.7105934786178935, 1.226422975377095, 0.3242783106272732, 1.2216751016277694, 2.4521312457299547, 0.6436055318121805]
2022-11-02 17:07:46,055 michale.bl3 - La semilla es:77658922
2022-11-02 17:07:46,055 michale.bl3 - Empieza ejecucion algoritmo BL3: 
2022-11-02 17:07:46,055 michale.bl3 - El tiempo total de ejecucion en ms es: 0.025584
2022-11-02 17:07:46,055 michale.bl3 - Funcion:michale
2022-11-02 17:07:46,055 michale.bl3 - RangoInf: 0.0
2022-11-02 17:07:46,055 michale.bl3 - RangoSup: 3.141592653589793
2022-11-02 17:07:46,055 michale.bl3 - El coste del algoritmo BL3 es:0.34108683476229323
2022-11-02 17:07:46,055 michale.bl3 - El numero de iteraciones recorridas es:1
2022-11-02 17:07:46,055 michale.bl3 - El vector seria: [3.064350661491129, 2.8259508815247645, 3.063916748445099, 2.9195672805062003, 2.861031833425339, 1.8983248981228857, 1.8433296284046883, 2.620720755434111, 1.1248254084995968, 2.7076485022574115]
2022-11-02 17:07:46,055 michale.bl3 - La semilla es:27765892
2022-11-02 17:07:46,055 michale.bl3 - Empieza ejecucion algoritmo BL3: 
2022-11-02 17:07:46,055 michale.bl3 - El tiempo total de ejecucion en ms es: 0.06725
2022-11-02 17:07:46,055 michale.bl3 - Funcion:michale
2022-11-02 17:07:46,055 michale.bl3 - RangoInf: 0.0
2022-11-02 17:07:46,055 michale.bl3 - RangoSup: 3.141592653589793
2022-11-02 17:07:46,055 michale.bl3 - El coste del algoritmo BL3 es:-0.40282380216361535
2022-11-02 17:07:46,055 michale.bl3 - El numero de iteraciones recorridas es:1
2022-11-02 17:07:46,055 michale.bl3 - El vector seria: [3.126441352904639, 2.980169559632267, 2.450990506731117, 3.001847991181012, 1.1794249971330815, 3.086000330744652, 2.9780399215336253, 0.9275556489529105, 3.1138762749213624, 2.6166290736260587]
2022-11-02 17:07:46,055 michale.bl3 - La semilla es:22776589
2022-11-02 17:07:46,055 michale.bl3 - Empieza ejecucion algoritmo BL3: 
2022-11-02 17:07:46,056 michale.bl3 - El tiempo total de ejecucion en ms es: 0.044459
2022-11-02 17:07:46,056 michale.bl3 - Funcion:michale
2022-11-02 17:07:46,056 michale.bl3 - RangoInf: 0.0
2022-11-02 17:07:46,056 michale.bl3 - RangoSup: 3.141592653589793
2022-11-02 17:07:46,056 michale.bl3 - El coste del algoritmo BL3 es:-1.761783094021303
2022-11-02 17:07:46,056 michale.bl3 - El numero de iteraciones recorridas es:3
2022-11-02 17:07:46,056 michale.bl3 - El vector seria: [3.029111294883536, 2.90213675219213, 3.051247146107382, 3.0748670076052655, 2.7444584151154956, 2.5503833439439996, 3.0108170391071547, 2.9474176671190127, 2.819756593944594, 0.8087538207437592]
2022-11-02 17:07:46,056 michale.bl3 - La semilla es:92277658
