2022-11-02 17:07:46,057 michale.tabu - Empieza ejecucion TABU: 
2022-11-02 17:07:46,325 michale.tabu - El tiempo total de ejecucion en ms es: 267.308834
2022-11-02 17:07:46,327 michale.tabu - Funcion:michale
2022-11-02 17:07:46,328 michale.tabu - RangoInf: 0.0
2022-11-02 17:07:46,329 michale.tabu - RangoSup: 3.141592653589793
2022-11-02 17:07:46,330 michale.tabu - El coste del algoritmo tabu es:-1.2260688188221833
2022-11-02 17:07:46,330 michale.tabu - El numero de iteraciones recorridas es:1000
2022-11-02 17:07:46,332 michale.tabu - El vector seria: [0.02368940469633306, 0.11872821684236054, 2.3403606696934074E-4, 1.1420446709760796, 0.05345705073221809, 1.4184919537071556, 0.0036105961393564628, 6.895450309333734E-4, 0.047936980824386966, 0.04505897880962158]
2022-11-02 17:07:46,332 michale.tabu - La semilla es:76589227
2022-11-02 17:07:46,333 michale.tabu - Empieza ejecucion TABU: 
2022-11-02 17:07:46,590 michale.tabu - El tiempo total de ejecucion en ms es: 255.521958
2022-11-02 17:07:46,591 michale.tabu - Funcion:michale
2022-11-02 17:07:46,592 michale.tabu - RangoInf: 0.0
2022-11-02 17:07:46,593 michale.tabu - RangoSup: 3.141592653589793
2022-11-02 17:07:46,593 michale.tabu - El coste del algoritmo tabu es:-1.854050224081964
2022-11-02 17:07:46,594 michale.tabu - El numero de iteraciones recorridas es:1000
2022-11-02 17:07:46,595 michale.tabu - El vector seria: [0.294104077520902, 0.26160157507919485, 0.1367979127450053, 0.013445560088242853, 0.03821905197215653, 3.3156520061182747E-4, 5.481585670928108E-4, 0.06132901460036939, 0.0088365377526978, 0.004221767892883991]
2022-11-02 17:07:46,595 michale.tabu - La semilla es:77658922
2022-11-02 17:07:46,595 michale.tabu - Empieza ejecucion TABU: 
2022-11-02 17:07:46,857 michale.tabu - El tiempo total de ejecucion en ms es: 260.980292
2022-11-02 17:07:46,858 michale.tabu - Funcion:michale
2022-11-02 17:07:46,859 michale.tabu - RangoInf: 0.0
2022-11-02 17:07:46,860 michale.tabu - RangoSup: 3.141592653589793
2022-11-02 17:07:46,860 michale.tabu - El coste del algoritmo tabu es:-2.02305137081696
2022-11-02 17:07:46,861 michale.tabu - El numero de iteraciones recorridas es:1000
2022-11-02 17:07:46,861 michale.tabu - El vector seria: [0.026672503165451722, 5.931832684291072E-4, 0.32638827735803894, 0.07105697170087928, 0.009133412710490674, 0.430349124260346, 0.33861148768050886, 0.2966943434128093, 0.33472386389358133, 0.037428595279328084]
2022-11-02 17:07:46,862 michale.tabu - La semilla es:27765892
2022-11-02 17:07:46,862 michale.tabu - Empieza ejecucion TABU: 
2022-11-02 17:07:47,110 michale.tabu - El tiempo total de ejecucion en ms es: 248.484292
2022-11-02 17:07:47,111 michale.tabu - Funcion:michale
2022-11-02 17:07:47,111 michale.tabu - RangoInf: 0.0
2022-11-02 17:07:47,111 michale.tabu - RangoSup: 3.141592653589793
2022-11-02 17:07:47,111 michale.tabu - El coste del algoritmo tabu es:-1.483683421018028
2022-11-02 17:07:47,111 michale.tabu - El numero de iteraciones recorridas es:1000
2022-11-02 17:07:47,111 michale.tabu - El vector seria: [0.01840570065049986, 0.011304082236483524, 0.1793944207292989, 0.013983579031814209, 0.03804284776978696, 0.005007290996010255, 0.010146502402712719, 0.07564507667684599, 0.01539762622607344, 0.011418420333574566]
2022-11-02 17:07:47,111 michale.tabu - La semilla es:22776589
2022-11-02 17:07:47,111 michale.tabu - Empieza ejecucion TABU: 
2022-11-02 17:07:47,358 michale.tabu - El tiempo total de ejecucion en ms es: 247.183041
2022-11-02 17:07:47,358 michale.tabu - Funcion:michale
2022-11-02 17:07:47,358 michale.tabu - RangoInf: 0.0
2022-11-02 17:07:47,358 michale.tabu - RangoSup: 3.141592653589793
2022-11-02 17:07:47,358 michale.tabu - El coste del algoritmo tabu es:-2.184976657009968
2022-11-02 17:07:47,358 michale.tabu - El numero de iteraciones recorridas es:1000
2022-11-02 17:07:47,359 michale.tabu - El vector seria: [0.0017053998924733396, 0.048768144676284264, 0.0013561014378545063, 0.1095236958162035, 0.08511438405040744, 0.17170740518989408, 0.2867199908267304, 0.012184422301421074, 1.7745736617813047E-4, 0.0021125815692550486]
2022-11-02 17:07:47,359 michale.tabu - La semilla es:92277658
