2022-11-02 17:07:46,056 michale.blk - Empieza ejecucion algoritmo BLK: 
2022-11-02 17:07:46,056 michale.blk - El tiempo total de ejecucion en ms es: 0.062042
2022-11-02 17:07:46,056 michale.blk - Funcion:michale
2022-11-02 17:07:46,056 michale.blk - RangoInf: 0.0
2022-11-02 17:07:46,056 michale.blk - RangoSup: 3.141592653589793
2022-11-02 17:07:46,056 michale.blk - El coste del algoritmo BLk es:-0.9720065878752555
2022-11-02 17:07:46,056 michale.blk - El numero de iteraciones recorridas es:1
2022-11-02 17:07:46,056 michale.blk - El vector seria: [1.9383980255398052, 2.9425545660561943, 2.6188625124672757, 2.5998828470177013, 1.3439870825852291, 3.057869293426349, 2.0630120055724674, 2.8149457118703016, 2.907943915378741, 1.6127141902580286]
2022-11-02 17:07:46,056 michale.blk - La semilla es:76589227
2022-11-02 17:07:46,056 michale.blk - Empieza ejecucion algoritmo BLK: 
2022-11-02 17:07:46,056 michale.blk - El tiempo total de ejecucion en ms es: 0.066125
2022-11-02 17:07:46,056 michale.blk - Funcion:michale
2022-11-02 17:07:46,056 michale.blk - RangoInf: 0.0
2022-11-02 17:07:46,056 michale.blk - RangoSup: 3.141592653589793
2022-11-02 17:07:46,056 michale.blk - El coste del algoritmo BLk es:-2.973946853775744
2022-11-02 17:07:46,056 michale.blk - El numero de iteraciones recorridas es:1
2022-11-02 17:07:46,056 michale.blk - El vector seria: [2.1879931531543106, 2.611947614576493, 2.536791264007145, 1.9610791399539877, 1.1472459907871952, 2.928890949630577, 2.9094595211085736, 2.623505610120734, 2.8630179373273807, 2.7073141309614472]
2022-11-02 17:07:46,056 michale.blk - La semilla es:77658922
2022-11-02 17:07:46,056 michale.blk - Empieza ejecucion algoritmo BLK: 
2022-11-02 17:07:46,056 michale.blk - El tiempo total de ejecucion en ms es: 0.057667
2022-11-02 17:07:46,056 michale.blk - Funcion:michale
2022-11-02 17:07:46,056 michale.blk - RangoInf: 0.0
2022-11-02 17:07:46,056 michale.blk - RangoSup: 3.141592653589793
2022-11-02 17:07:46,056 michale.blk - El coste del algoritmo BLk es:-1.9054039398097553
2022-11-02 17:07:46,056 michale.blk - El numero de iteraciones recorridas es:1
2022-11-02 17:07:46,056 michale.blk - El vector seria: [2.9051838418287694, 3.1192689299100778, 3.0434249765586756, 2.6956183309917083, 2.766442680939069, 2.6162854180235953, 2.835793455280565, 0.8428097332283544, 2.447277656118597, 2.2379597368867943]
2022-11-02 17:07:46,056 michale.blk - La semilla es:27765892
2022-11-02 17:07:46,056 michale.blk - Empieza ejecucion algoritmo BLK: 
2022-11-02 17:07:46,057 michale.blk - El tiempo total de ejecucion en ms es: 0.071125
2022-11-02 17:07:46,057 michale.blk - Funcion:michale
2022-11-02 17:07:46,057 michale.blk - RangoInf: 0.0
2022-11-02 17:07:46,057 michale.blk - RangoSup: 3.141592653589793
2022-11-02 17:07:46,057 michale.blk - El coste del algoritmo BLk es:-2.2723772634068897
2022-11-02 17:07:46,057 michale.blk - El numero de iteraciones recorridas es:2
2022-11-02 17:07:46,057 michale.blk - El vector seria: [2.838785047180055, 2.9429723158676944, 2.838825668019474, 3.1085129279776087, 2.9390163769765065, 2.6141222075318638, 2.9303951569107696, 2.175561105302426, 2.335570826652191, 2.4574606536446693]
2022-11-02 17:07:46,057 michale.blk - La semilla es:22776589
2022-11-02 17:07:46,057 michale.blk - Empieza ejecucion algoritmo BLK: 
2022-11-02 17:07:46,057 michale.blk - El tiempo total de ejecucion en ms es: 0.094416
2022-11-02 17:07:46,057 michale.blk - Funcion:michale
2022-11-02 17:07:46,057 michale.blk - RangoInf: 0.0
2022-11-02 17:07:46,057 michale.blk - RangoSup: 3.141592653589793
2022-11-02 17:07:46,057 michale.blk - El coste del algoritmo BLk es:-2.7796800873495053
2022-11-02 17:07:46,057 michale.blk - El numero de iteraciones recorridas es:3
2022-11-02 17:07:46,057 michale.blk - El vector seria: [2.9488438342402876, 2.962327370399542, 3.071979684032223, 3.0227962050353883, 2.7142979535414495, 2.8215869765546997, 2.7179669800613038, 2.7698596637473734, 3.0273674434762565, 2.9432927044882513]
2022-11-02 17:07:46,057 michale.blk - La semilla es:92277658
