2022-11-02 17:07:44,763 griewank.vns - Empieza ejecucion MULTIARRANQUE: 
2022-11-02 17:07:45,023 griewank.vns - El tiempo total de ejecucion en ms es: 260.272875
2022-11-02 17:07:45,023 griewank.vns - Funcion:griewank
2022-11-02 17:07:45,023 griewank.vns - RangoInf: -600.0
2022-11-02 17:07:45,023 griewank.vns - RangoSup: 600.0
2022-11-02 17:07:45,023 griewank.vns - El coste del algoritmo ma es:-2.8001377296471657
2022-11-02 17:07:45,023 griewank.vns - El numero de iteraciones recorridas es:1000
2022-11-02 17:07:45,023 griewank.vns - El vector seria: [249.69556765329344, -392.27645829876417, 116.02804484102546, -164.7308359774167, 432.74340581696674, -104.76393884803741, 280.46804524133006, 431.6728428724805, -555.1858523991633, 97.4291100919902]
2022-11-02 17:07:45,023 griewank.vns - La semilla es:76589227
2022-11-02 17:07:45,024 griewank.vns - Empieza ejecucion MULTIARRANQUE: 
2022-11-02 17:07:45,285 griewank.vns - El tiempo total de ejecucion en ms es: 261.435875
2022-11-02 17:07:45,285 griewank.vns - Funcion:griewank
2022-11-02 17:07:45,285 griewank.vns - RangoInf: -600.0
2022-11-02 17:07:45,285 griewank.vns - RangoSup: 600.0
2022-11-02 17:07:45,285 griewank.vns - El coste del algoritmo ma es:-2.4718275778292282
2022-11-02 17:07:45,285 griewank.vns - El numero de iteraciones recorridas es:1000
2022-11-02 17:07:45,285 griewank.vns - El vector seria: [431.285151827082, 368.3831412095118, 308.0615705580276, 258.20850737691296, 197.36525121885973, 254.57532967967109, 465.0190116991505, 416.06635413382287, 38.914288729596706, -11.7972286561303]
2022-11-02 17:07:45,285 griewank.vns - La semilla es:77658922
2022-11-02 17:07:45,285 griewank.vns - Empieza ejecucion MULTIARRANQUE: 
2022-11-02 17:07:45,543 griewank.vns - El tiempo total de ejecucion en ms es: 257.21675
2022-11-02 17:07:45,544 griewank.vns - Funcion:griewank
2022-11-02 17:07:45,544 griewank.vns - RangoInf: -600.0
2022-11-02 17:07:45,544 griewank.vns - RangoSup: 600.0
2022-11-02 17:07:45,544 griewank.vns - El coste del algoritmo ma es:-2.6989748636028876
2022-11-02 17:07:45,544 griewank.vns - El numero de iteraciones recorridas es:1000
2022-11-02 17:07:45,544 griewank.vns - El vector seria: [541.8559928480745, -448.3455664929068, 424.0120868650413, 34.70999495512831, 570.384300669037, -467.2071185786536, 328.0859085657422, 196.20813890734394, 541.7967106926014, -393.42822949003244]
2022-11-02 17:07:45,544 griewank.vns - La semilla es:27765892
2022-11-02 17:07:45,544 griewank.vns - Empieza ejecucion MULTIARRANQUE: 
2022-11-02 17:07:45,795 griewank.vns - El tiempo total de ejecucion en ms es: 251.375834
2022-11-02 17:07:45,796 griewank.vns - Funcion:griewank
2022-11-02 17:07:45,796 griewank.vns - RangoInf: -600.0
2022-11-02 17:07:45,796 griewank.vns - RangoSup: 600.0
2022-11-02 17:07:45,796 griewank.vns - El coste del algoritmo ma es:-2.5711551843901517
2022-11-02 17:07:45,796 griewank.vns - El numero de iteraciones recorridas es:1000
2022-11-02 17:07:45,796 griewank.vns - El vector seria: [-513.7762146720459, 160.8447442168656, -187.18007519347879, -17.116335541351873, 274.76921110721946, 70.5881013486985, 1.1605764507928598, 385.095294228492, -361.47350792330656, -32.58498118584839]
2022-11-02 17:07:45,796 griewank.vns - La semilla es:22776589
2022-11-02 17:07:45,796 griewank.vns - Empieza ejecucion MULTIARRANQUE: 
2022-11-02 17:07:46,050 griewank.vns - El tiempo total de ejecucion en ms es: 254.801417
2022-11-02 17:07:46,054 griewank.vns - Funcion:griewank
2022-11-02 17:07:46,054 griewank.vns - RangoInf: -600.0
2022-11-02 17:07:46,054 griewank.vns - RangoSup: 600.0
2022-11-02 17:07:46,054 griewank.vns - El coste del algoritmo ma es:-3.118312038018404
2022-11-02 17:07:46,054 griewank.vns - El numero de iteraciones recorridas es:1000
2022-11-02 17:07:46,054 griewank.vns - El vector seria: [-81.16822388631738, -379.99335520573106, 98.49939835497526, 175.00258767516027, 12.520205650855928, 349.9706007152889, -435.0099280097601, -399.13808426200376, -530.695584774924, -588.1349741598588]
2022-11-02 17:07:46,054 griewank.vns - La semilla es:92277658
