2022-11-02 17:07:43,436 griewank.blk - Empieza ejecucion algoritmo BLK: 
2022-11-02 17:07:43,436 griewank.blk - El tiempo total de ejecucion en ms es: 0.127416
2022-11-02 17:07:43,437 griewank.blk - Funcion:griewank
2022-11-02 17:07:43,438 griewank.blk - RangoInf: -600.0
2022-11-02 17:07:43,438 griewank.blk - RangoSup: 600.0
2022-11-02 17:07:43,438 griewank.blk - El coste del algoritmo BLk es:0.6813763911577513
2022-11-02 17:07:43,438 griewank.blk - El numero de iteraciones recorridas es:1
2022-11-02 17:07:43,438 griewank.blk - El vector seria: [538.1510894875133, 409.7391985776352, 494.4519472277508, 573.8280914959148, 452.4236576736532, 445.7255831589763, 558.3014438914009, 394.90462191068195, 460.5384367824915, -642.6924092115712]
2022-11-02 17:07:43,438 griewank.blk - La semilla es:76589227
2022-11-02 17:07:43,438 griewank.blk - Empieza ejecucion algoritmo BLK: 
2022-11-02 17:07:43,438 griewank.blk - El tiempo total de ejecucion en ms es: 0.0725
2022-11-02 17:07:43,438 griewank.blk - Funcion:griewank
2022-11-02 17:07:43,438 griewank.blk - RangoInf: -600.0
2022-11-02 17:07:43,438 griewank.blk - RangoSup: 600.0
2022-11-02 17:07:43,438 griewank.blk - El coste del algoritmo BLk es:2.703737131326961
2022-11-02 17:07:43,438 griewank.blk - El numero de iteraciones recorridas es:0
2022-11-02 17:07:43,438 griewank.blk - El vector seria: [221.64203595537595, 147.20256930956737, -230.7907315992838, -257.52914467335484, 547.8847688341232, 174.53952164204907, 375.87642472949324, 287.31142883917005, 568.2318940000143, -130.63163571019322]
2022-11-02 17:07:43,438 griewank.blk - La semilla es:77658922
2022-11-02 17:07:43,438 griewank.blk - Empieza ejecucion algoritmo BLK: 
2022-11-02 17:07:43,438 griewank.blk - El tiempo total de ejecucion en ms es: 0.056334
2022-11-02 17:07:43,438 griewank.blk - Funcion:griewank
2022-11-02 17:07:43,438 griewank.blk - RangoInf: -600.0
2022-11-02 17:07:43,438 griewank.blk - RangoSup: 600.0
2022-11-02 17:07:43,438 griewank.blk - El coste del algoritmo BLk es:2.7888522954722745
2022-11-02 17:07:43,438 griewank.blk - El numero de iteraciones recorridas es:0
2022-11-02 17:07:43,438 griewank.blk - El vector seria: [503.4664658489578, 159.37633824771012, 22.660470430211262, -221.1754303308423, 362.25098921251106, 405.6162295737482, 241.63612703782132, 254.40030788324077, 554.5633532443437, -493.9425556754278]
2022-11-02 17:07:43,438 griewank.blk - La semilla es:27765892
2022-11-02 17:07:43,438 griewank.blk - Empieza ejecucion algoritmo BLK: 
2022-11-02 17:07:43,438 griewank.blk - El tiempo total de ejecucion en ms es: 0.065583
2022-11-02 17:07:43,438 griewank.blk - Funcion:griewank
2022-11-02 17:07:43,438 griewank.blk - RangoInf: -600.0
2022-11-02 17:07:43,438 griewank.blk - RangoSup: 600.0
2022-11-02 17:07:43,438 griewank.blk - El coste del algoritmo BLk es:0.4423430684693197
2022-11-02 17:07:43,438 griewank.blk - El numero de iteraciones recorridas es:0
2022-11-02 17:07:43,438 griewank.blk - El vector seria: [-131.55238692945102, 221.28381256479054, -302.63998850487525, 577.8675465986266, -47.828965742982746, 595.9215958364653, -415.3544492819432, -30.149917910355498, -515.9109511909364, -509.2932269700186]
2022-11-02 17:07:43,438 griewank.blk - La semilla es:22776589
2022-11-02 17:07:43,438 griewank.blk - Empieza ejecucion algoritmo BLK: 
2022-11-02 17:07:43,439 griewank.blk - El tiempo total de ejecucion en ms es: 0.060625
2022-11-02 17:07:43,439 griewank.blk - Funcion:griewank
2022-11-02 17:07:43,440 griewank.blk - RangoInf: -600.0
2022-11-02 17:07:43,440 griewank.blk - RangoSup: 600.0
2022-11-02 17:07:43,440 griewank.blk - El coste del algoritmo BLk es:1.1240502314836052
2022-11-02 17:07:43,440 griewank.blk - El numero de iteraciones recorridas es:0
2022-11-02 17:07:43,440 griewank.blk - El vector seria: [125.69099170310051, 62.18758978020787, 370.1764066814245, -532.0355625108298, -100.01692067315531, 420.0786519415433, 317.73815913013846, 258.4950735128908, -476.28727170357547, -321.9768863781396]
2022-11-02 17:07:43,440 griewank.blk - La semilla es:92277658
