2022-11-02 17:08:02,678 Trid.vns - Empieza ejecucion MULTIARRANQUE: 
2022-11-02 17:08:02,940 Trid.vns - El tiempo total de ejecucion en ms es: 261.694375
2022-11-02 17:08:02,940 Trid.vns - Funcion:Trid
2022-11-02 17:08:02,940 Trid.vns - RangoInf: -1000.0
2022-11-02 17:08:02,940 Trid.vns - RangoSup: 1000.0
2022-11-02 17:08:02,940 Trid.vns - El coste del algoritmo ma es:2.679464594587719E12
2022-11-02 17:08:02,940 Trid.vns - El numero de iteraciones recorridas es:1000
2022-11-02 17:08:02,940 Trid.vns - El vector seria: [-968.382831834526, -576.9234550515931, -110.2319873337409, -182.4723090710139, 544.5686999748414, 687.7000558935385, 589.6315438339586, -13.486270223846532, 128.87569633391263, 93.66344941580292]
2022-11-02 17:08:02,940 Trid.vns - La semilla es:76589227
2022-11-02 17:08:02,940 Trid.vns - Empieza ejecucion MULTIARRANQUE: 
2022-11-02 17:08:03,203 Trid.vns - El tiempo total de ejecucion en ms es: 263.357125
2022-11-02 17:08:03,203 Trid.vns - Funcion:Trid
2022-11-02 17:08:03,203 Trid.vns - RangoInf: -1000.0
2022-11-02 17:08:03,203 Trid.vns - RangoSup: 1000.0
2022-11-02 17:08:03,203 Trid.vns - El coste del algoritmo ma es:3.8382276909651455E12
2022-11-02 17:08:03,203 Trid.vns - El numero de iteraciones recorridas es:1000
2022-11-02 17:08:03,203 Trid.vns - El vector seria: [-716.4236806323929, 427.20817827185465, -982.3159200568747, 829.3023507220955, -623.3385497322541, 283.2605802011867, 357.1998066457054, 211.4509221560936, 807.3879092128961, 554.3410573834346]
2022-11-02 17:08:03,203 Trid.vns - La semilla es:77658922
2022-11-02 17:08:03,203 Trid.vns - Empieza ejecucion MULTIARRANQUE: 
2022-11-02 17:08:03,465 Trid.vns - El tiempo total de ejecucion en ms es: 261.860666
2022-11-02 17:08:03,465 Trid.vns - Funcion:Trid
2022-11-02 17:08:03,465 Trid.vns - RangoInf: -1000.0
2022-11-02 17:08:03,466 Trid.vns - RangoSup: 1000.0
2022-11-02 17:08:03,466 Trid.vns - El coste del algoritmo ma es:3.0009335775476196E12
2022-11-02 17:08:03,466 Trid.vns - El numero de iteraciones recorridas es:1000
2022-11-02 17:08:03,466 Trid.vns - El vector seria: [266.01519630339, -209.59045632424852, -12.0577728685372, -987.8614586141159, 141.315694784392, -795.0740851287599, -5.1692698225987215, -405.17229687666554, -756.5198490097748, 834.1036390968334]
2022-11-02 17:08:03,466 Trid.vns - La semilla es:27765892
2022-11-02 17:08:03,466 Trid.vns - Empieza ejecucion MULTIARRANQUE: 
2022-11-02 17:08:03,732 Trid.vns - El tiempo total de ejecucion en ms es: 266.471584
2022-11-02 17:08:03,732 Trid.vns - Funcion:Trid
2022-11-02 17:08:03,732 Trid.vns - RangoInf: -1000.0
2022-11-02 17:08:03,732 Trid.vns - RangoSup: 1000.0
2022-11-02 17:08:03,732 Trid.vns - El coste del algoritmo ma es:5.651245484777417E12
2022-11-02 17:08:03,732 Trid.vns - El numero de iteraciones recorridas es:1000
2022-11-02 17:08:03,732 Trid.vns - El vector seria: [-188.8343894857287, 44.617826010980025, -303.49448430850055, -768.1270387024492, -959.8806037550038, -877.9536937076077, -782.8108780825631, 206.35985698445984, -853.7270253646681, -918.8942865202521]
2022-11-02 17:08:03,733 Trid.vns - La semilla es:22776589
2022-11-02 17:08:03,733 Trid.vns - Empieza ejecucion MULTIARRANQUE: 
2022-11-02 17:08:03,984 Trid.vns - El tiempo total de ejecucion en ms es: 251.379375
2022-11-02 17:08:03,984 Trid.vns - Funcion:Trid
2022-11-02 17:08:03,984 Trid.vns - RangoInf: -1000.0
2022-11-02 17:08:03,984 Trid.vns - RangoSup: 1000.0
2022-11-02 17:08:03,984 Trid.vns - El coste del algoritmo ma es:4.158739742992003E12
2022-11-02 17:08:03,984 Trid.vns - El numero de iteraciones recorridas es:1000
2022-11-02 17:08:03,984 Trid.vns - El vector seria: [960.3916071894125, 101.88858235359316, -249.16053954870824, 254.78984522569635, -297.0291386204607, -38.68766853130046, -772.9573734369028, -17.861757094430573, 756.8855339873596, 565.5716037608295]
2022-11-02 17:08:03,984 Trid.vns - La semilla es:92277658
