2022-11-02 17:08:01,372 Trid.blk - Empieza ejecucion algoritmo BLK: 
2022-11-02 17:08:01,372 Trid.blk - El tiempo total de ejecucion en ms es: 0.053875
2022-11-02 17:08:01,372 Trid.blk - Funcion:Trid
2022-11-02 17:08:01,372 Trid.blk - RangoInf: -1000.0
2022-11-02 17:08:01,372 Trid.blk - RangoSup: 1000.0
2022-11-02 17:08:01,372 Trid.blk - El coste del algoritmo BLk es:9.293602118490111E13
2022-11-02 17:08:01,372 Trid.blk - El numero de iteraciones recorridas es:0
2022-11-02 17:08:01,372 Trid.blk - El vector seria: [385.5030053013231, -736.9903211484785, -143.98912163104228, -709.3462628005644, 256.54090546117664, 319.20262456511546, 259.74321319399746, -744.736132840663, 423.89289668516153, 576.2656312079312]
2022-11-02 17:08:01,373 Trid.blk - La semilla es:76589227
2022-11-02 17:08:01,373 Trid.blk - Empieza ejecucion algoritmo BLK: 
2022-11-02 17:08:01,373 Trid.blk - El tiempo total de ejecucion en ms es: 0.029375
2022-11-02 17:08:01,373 Trid.blk - Funcion:Trid
2022-11-02 17:08:01,373 Trid.blk - RangoInf: -1000.0
2022-11-02 17:08:01,373 Trid.blk - RangoSup: 1000.0
2022-11-02 17:08:01,373 Trid.blk - El coste del algoritmo BLk es:8.057038264740031E13
2022-11-02 17:08:01,373 Trid.blk - El numero de iteraciones recorridas es:1
2022-11-02 17:08:01,373 Trid.blk - El vector seria: [492.6219182839616, 862.3097639841633, 956.5352640881814, 392.65696488471383, 734.4098248984615, 688.9383752220663, 704.862089664443, 986.768755569257, 866.615983969014, 943.0459227767881]
2022-11-02 17:08:01,373 Trid.blk - La semilla es:77658922
2022-11-02 17:08:01,373 Trid.blk - Empieza ejecucion algoritmo BLK: 
2022-11-02 17:08:01,373 Trid.blk - El tiempo total de ejecucion en ms es: 0.034791
2022-11-02 17:08:01,373 Trid.blk - Funcion:Trid
2022-11-02 17:08:01,373 Trid.blk - RangoInf: -1000.0
2022-11-02 17:08:01,373 Trid.blk - RangoSup: 1000.0
2022-11-02 17:08:01,373 Trid.blk - El coste del algoritmo BLk es:1.3264298080676072E14
2022-11-02 17:08:01,373 Trid.blk - El numero de iteraciones recorridas es:1
2022-11-02 17:08:01,373 Trid.blk - El vector seria: [812.8057765564465, 917.1185418152754, 896.6747023828177, 940.6272577455577, 718.050145175937, 898.7113857523743, -596.6494946471234, 814.4193184332647, 931.0430161865208, 834.7758642734068]
2022-11-02 17:08:01,373 Trid.blk - La semilla es:27765892
2022-11-02 17:08:01,373 Trid.blk - Empieza ejecucion algoritmo BLK: 
2022-11-02 17:08:01,373 Trid.blk - El tiempo total de ejecucion en ms es: 0.037083
2022-11-02 17:08:01,373 Trid.blk - Funcion:Trid
2022-11-02 17:08:01,373 Trid.blk - RangoInf: -1000.0
2022-11-02 17:08:01,373 Trid.blk - RangoSup: 1000.0
2022-11-02 17:08:01,373 Trid.blk - El coste del algoritmo BLk es:1.3425882475590481E14
2022-11-02 17:08:01,373 Trid.blk - El numero de iteraciones recorridas es:1
2022-11-02 17:08:01,373 Trid.blk - El vector seria: [731.9002639953851, 966.8489141014647, -461.6854598459456, 907.3586121626062, 807.0008144459873, 905.847823941309, 851.5290179303001, 994.2890551483913, 968.5984005861524, 938.8754850860859]
2022-11-02 17:08:01,373 Trid.blk - La semilla es:22776589
2022-11-02 17:08:01,373 Trid.blk - Empieza ejecucion algoritmo BLK: 
2022-11-02 17:08:01,373 Trid.blk - El tiempo total de ejecucion en ms es: 0.042875
2022-11-02 17:08:01,373 Trid.blk - Funcion:Trid
2022-11-02 17:08:01,373 Trid.blk - RangoInf: -1000.0
2022-11-02 17:08:01,373 Trid.blk - RangoSup: 1000.0
2022-11-02 17:08:01,373 Trid.blk - El coste del algoritmo BLk es:1.333379610628325E14
2022-11-02 17:08:01,373 Trid.blk - El numero de iteraciones recorridas es:1
2022-11-02 17:08:01,373 Trid.blk - El vector seria: [177.29672727648392, 993.7268000737464, 561.0209288659344, 982.8235376391713, 768.5164756431755, 963.9784901973725, 933.0864146169824, 890.8439179447867, 816.1393336406954, -672.2500381005309]
2022-11-02 17:08:01,373 Trid.blk - La semilla es:92277658
