2022-11-02 17:08:01,373 Trid.tabu - Empieza ejecucion TABU: 
2022-11-02 17:08:01,624 Trid.tabu - El tiempo total de ejecucion en ms es: 250.511792
2022-11-02 17:08:01,624 Trid.tabu - Funcion:Trid
2022-11-02 17:08:01,624 Trid.tabu - RangoInf: -1000.0
2022-11-02 17:08:01,624 Trid.tabu - RangoSup: 1000.0
2022-11-02 17:08:01,624 Trid.tabu - El coste del algoritmo tabu es:5.698574796332263E12
2022-11-02 17:08:01,624 Trid.tabu - El numero de iteraciones recorridas es:1000
2022-11-02 17:08:01,624 Trid.tabu - El vector seria: [437.9444450047998, 902.5961171928965, 406.6164467998244, 760.6549744686208, 446.0900516802401, 365.6131032700442, 543.1421561567115, 519.8872109731843, 866.7707384368355, 860.0086471114621]
2022-11-02 17:08:01,624 Trid.tabu - La semilla es:76589227
2022-11-02 17:08:01,624 Trid.tabu - Empieza ejecucion TABU: 
2022-11-02 17:08:01,885 Trid.tabu - El tiempo total de ejecucion en ms es: 261.184541
2022-11-02 17:08:01,885 Trid.tabu - Funcion:Trid
2022-11-02 17:08:01,885 Trid.tabu - RangoInf: -1000.0
2022-11-02 17:08:01,885 Trid.tabu - RangoSup: 1000.0
2022-11-02 17:08:01,885 Trid.tabu - El coste del algoritmo tabu es:5.76407290740262E12
2022-11-02 17:08:01,886 Trid.tabu - El numero de iteraciones recorridas es:1000
2022-11-02 17:08:01,886 Trid.tabu - El vector seria: [951.2781868465678, 534.721514329727, 534.8677895642655, 790.7988331816177, 488.9482526461578, 687.2881364384052, 671.129746973519, 839.566122017276, 494.33951810594914, 559.1154249729627]
2022-11-02 17:08:01,886 Trid.tabu - La semilla es:77658922
2022-11-02 17:08:01,886 Trid.tabu - Empieza ejecucion TABU: 
2022-11-02 17:08:02,144 Trid.tabu - El tiempo total de ejecucion en ms es: 258.856791
2022-11-02 17:08:02,145 Trid.tabu - Funcion:Trid
2022-11-02 17:08:02,145 Trid.tabu - RangoInf: -1000.0
2022-11-02 17:08:02,145 Trid.tabu - RangoSup: 1000.0
2022-11-02 17:08:02,145 Trid.tabu - El coste del algoritmo tabu es:4.642324775548062E13
2022-11-02 17:08:02,145 Trid.tabu - El numero de iteraciones recorridas es:1000
2022-11-02 17:08:02,145 Trid.tabu - El vector seria: [547.0559457782803, 769.5220686082037, 932.6805187993049, 442.6388436603789, 712.5589057558493, 620.8795795542843, 879.8333664524527, 629.2236468905849, 889.9808750569234, 476.568365737257]
2022-11-02 17:08:02,145 Trid.tabu - La semilla es:27765892
2022-11-02 17:08:02,145 Trid.tabu - Empieza ejecucion TABU: 
2022-11-02 17:08:02,401 Trid.tabu - El tiempo total de ejecucion en ms es: 256.62625
2022-11-02 17:08:02,401 Trid.tabu - Funcion:Trid
2022-11-02 17:08:02,401 Trid.tabu - RangoInf: -1000.0
2022-11-02 17:08:02,401 Trid.tabu - RangoSup: 1000.0
2022-11-02 17:08:02,401 Trid.tabu - El coste del algoritmo tabu es:9.715446714119076E12
2022-11-02 17:08:02,401 Trid.tabu - El numero de iteraciones recorridas es:1000
2022-11-02 17:08:02,401 Trid.tabu - El vector seria: [383.64347549741626, 404.99324311797784, 329.6406862465715, 246.58628611147546, 443.33643373207656, 775.5315085313944, 418.6118124193067, 360.229878205103, 802.8364446633907, 892.7165252705388]
2022-11-02 17:08:02,401 Trid.tabu - La semilla es:22776589
2022-11-02 17:08:02,402 Trid.tabu - Empieza ejecucion TABU: 
2022-11-02 17:08:02,677 Trid.tabu - El tiempo total de ejecucion en ms es: 274.996667
2022-11-02 17:08:02,677 Trid.tabu - Funcion:Trid
2022-11-02 17:08:02,677 Trid.tabu - RangoInf: -1000.0
2022-11-02 17:08:02,677 Trid.tabu - RangoSup: 1000.0
2022-11-02 17:08:02,677 Trid.tabu - El coste del algoritmo tabu es:1.7042286307417096E13
2022-11-02 17:08:02,677 Trid.tabu - El numero de iteraciones recorridas es:1000
2022-11-02 17:08:02,677 Trid.tabu - El vector seria: [635.8523329677928, 534.0261267704198, 518.2196526703865, 802.9511595927906, 913.7218315926075, 759.5985224092071, 842.4321486368575, 758.5897227698164, 737.5450680817706, 446.27461845565057]
2022-11-02 17:08:02,677 Trid.tabu - La semilla es:92277658
