2022-11-02 17:08:01,371 Trid.bl3 - Empieza ejecucion algoritmo BL3: 
2022-11-02 17:08:01,371 Trid.bl3 - El tiempo total de ejecucion en ms es: 0.794417
2022-11-02 17:08:01,371 Trid.bl3 - Funcion:Trid
2022-11-02 17:08:01,371 Trid.bl3 - RangoInf: -1000.0
2022-11-02 17:08:01,371 Trid.bl3 - RangoSup: 1000.0
2022-11-02 17:08:01,371 Trid.bl3 - El coste del algoritmo BL3 es:2.2772287959337806E14
2022-11-02 17:08:01,371 Trid.bl3 - El numero de iteraciones recorridas es:1
2022-11-02 17:08:01,371 Trid.bl3 - El vector seria: [952.7749924985476, 902.7025034893743, 977.576956199897, 706.6146599566689, 898.7092068402005, -746.0865378447493, -857.5977196655427, 817.2800958414546, 639.5039152176923, 110.4177147145138]
2022-11-02 17:08:01,372 Trid.bl3 - La semilla es:76589227
2022-11-02 17:08:01,372 Trid.bl3 - Empieza ejecucion algoritmo BL3: 
2022-11-02 17:08:01,372 Trid.bl3 - El tiempo total de ejecucion en ms es: 0.032292
2022-11-02 17:08:01,372 Trid.bl3 - Funcion:Trid
2022-11-02 17:08:01,372 Trid.bl3 - RangoInf: -1000.0
2022-11-02 17:08:01,372 Trid.bl3 - RangoSup: 1000.0
2022-11-02 17:08:01,372 Trid.bl3 - El coste del algoritmo BL3 es:1.8260330650321538E14
2022-11-02 17:08:01,372 Trid.bl3 - El numero de iteraciones recorridas es:2
2022-11-02 17:08:01,372 Trid.bl3 - El vector seria: [-883.9575219157052, 760.4492957909174, 957.4748191736269, 960.6600554200832, 517.3290647992818, 247.3372847625158, 286.4482983389458, 943.0175366150931, 811.2130585275169, -465.99860138712404]
2022-11-02 17:08:01,372 Trid.bl3 - La semilla es:77658922
2022-11-02 17:08:01,372 Trid.bl3 - Empieza ejecucion algoritmo BL3: 
2022-11-02 17:08:01,372 Trid.bl3 - El tiempo total de ejecucion en ms es: 0.021792
2022-11-02 17:08:01,372 Trid.bl3 - Funcion:Trid
2022-11-02 17:08:01,372 Trid.bl3 - RangoInf: -1000.0
2022-11-02 17:08:01,372 Trid.bl3 - RangoSup: 1000.0
2022-11-02 17:08:01,372 Trid.bl3 - El coste del algoritmo BL3 es:3.1860963069909106E14
2022-11-02 17:08:01,372 Trid.bl3 - El numero de iteraciones recorridas es:1
2022-11-02 17:08:01,372 Trid.bl3 - El vector seria: [-897.5747554875178, -584.4766002162737, -919.3411880771777, 920.3691969369448, -295.6594095144358, 695.1157393739687, 979.9612729356627, 848.6821340990596, 910.146894638769, 981.9987845324308]
2022-11-02 17:08:01,372 Trid.bl3 - La semilla es:27765892
2022-11-02 17:08:01,372 Trid.bl3 - Empieza ejecucion algoritmo BL3: 
2022-11-02 17:08:01,372 Trid.bl3 - El tiempo total de ejecucion en ms es: 0.020708
2022-11-02 17:08:01,372 Trid.bl3 - Funcion:Trid
2022-11-02 17:08:01,372 Trid.bl3 - RangoInf: -1000.0
2022-11-02 17:08:01,372 Trid.bl3 - RangoSup: 1000.0
2022-11-02 17:08:01,372 Trid.bl3 - El coste del algoritmo BL3 es:1.2667244184343589E14
2022-11-02 17:08:01,372 Trid.bl3 - El numero de iteraciones recorridas es:1
2022-11-02 17:08:01,372 Trid.bl3 - El vector seria: [-30.124221303602326, 905.0999279505908, 879.5683356008568, 772.0611904465775, 202.81409531474415, 920.7526383749732, 673.4184192338469, -761.3187241960595, 948.5969970708582, -201.32958241206234]
2022-11-02 17:08:01,372 Trid.bl3 - La semilla es:22776589
2022-11-02 17:08:01,372 Trid.bl3 - Empieza ejecucion algoritmo BL3: 
2022-11-02 17:08:01,372 Trid.bl3 - El tiempo total de ejecucion en ms es: 0.0155
2022-11-02 17:08:01,372 Trid.bl3 - Funcion:Trid
2022-11-02 17:08:01,372 Trid.bl3 - RangoInf: -1000.0
2022-11-02 17:08:01,372 Trid.bl3 - RangoSup: 1000.0
2022-11-02 17:08:01,372 Trid.bl3 - El coste del algoritmo BL3 es:9.502917687871706E13
2022-11-02 17:08:01,372 Trid.bl3 - El numero de iteraciones recorridas es:0
2022-11-02 17:08:01,372 Trid.bl3 - El vector seria: [-241.43292601480334, -642.1248734926219, 467.1707581429707, -663.673589377611, -143.16105981462158, 847.6511987407823, 371.37842961518913, -4.153194069343613, -15.106150338500356, 29.209344160985893]
2022-11-02 17:08:01,372 Trid.bl3 - La semilla es:92277658
