2022-11-02 17:07:55,075 Rosen.vns - Empieza ejecucion MULTIARRANQUE: 
2022-11-02 17:07:55,324 Rosen.vns - El tiempo total de ejecucion en ms es: 248.404042
2022-11-02 17:07:55,324 Rosen.vns - Funcion:Rosen
2022-11-02 17:07:55,324 Rosen.vns - RangoInf: -5.0
2022-11-02 17:07:55,324 Rosen.vns - RangoSup: 10.0
2022-11-02 17:07:55,324 Rosen.vns - El coste del algoritmo ma es:83.46076486099612
2022-11-02 17:07:55,324 Rosen.vns - El numero de iteraciones recorridas es:1000
2022-11-02 17:07:55,324 Rosen.vns - El vector seria: [7.199412016828477, 2.459570338441866, -1.7613617290734815, -0.5795610072048198, 3.489342963047756, -3.0763567732312005, 3.3740493859128318, 1.6421644997291862, 3.0862454801345365, -4.833750318339455]
2022-11-02 17:07:55,324 Rosen.vns - La semilla es:76589227
2022-11-02 17:07:55,324 Rosen.vns - Empieza ejecucion MULTIARRANQUE: 
2022-11-02 17:07:55,565 Rosen.vns - El tiempo total de ejecucion en ms es: 241.050958
2022-11-02 17:07:55,565 Rosen.vns - Funcion:Rosen
2022-11-02 17:07:55,565 Rosen.vns - RangoInf: -5.0
2022-11-02 17:07:55,565 Rosen.vns - RangoSup: 10.0
2022-11-02 17:07:55,565 Rosen.vns - El coste del algoritmo ma es:121.03386573507322
2022-11-02 17:07:55,565 Rosen.vns - El numero de iteraciones recorridas es:1000
2022-11-02 17:07:55,565 Rosen.vns - El vector seria: [-0.16076845642390936, 8.250388286033264, 10.900772097286879, 10.568397086817285, 7.807703546099922, 10.435539027704468, 4.642889130486738, 9.924608098577396, -4.57076154377744, 8.610628045947722]
2022-11-02 17:07:55,565 Rosen.vns - La semilla es:77658922
2022-11-02 17:07:55,565 Rosen.vns - Empieza ejecucion MULTIARRANQUE: 
2022-11-02 17:07:55,807 Rosen.vns - El tiempo total de ejecucion en ms es: 241.92575
2022-11-02 17:07:55,807 Rosen.vns - Funcion:Rosen
2022-11-02 17:07:55,807 Rosen.vns - RangoInf: -5.0
2022-11-02 17:07:55,807 Rosen.vns - RangoSup: 10.0
2022-11-02 17:07:55,807 Rosen.vns - El coste del algoritmo ma es:129.6394798521149
2022-11-02 17:07:55,807 Rosen.vns - El numero de iteraciones recorridas es:1000
2022-11-02 17:07:55,807 Rosen.vns - El vector seria: [-0.1572071865658593, 3.2309832937366743, 4.24855226852368, 0.5530530609052811, 6.162274048043102, 6.88456107859775, 2.234341999105008, 7.573011479059183, 7.3184202464372135, 7.504141492018073]
2022-11-02 17:07:55,808 Rosen.vns - La semilla es:27765892
2022-11-02 17:07:55,808 Rosen.vns - Empieza ejecucion MULTIARRANQUE: 
2022-11-02 17:07:56,069 Rosen.vns - El tiempo total de ejecucion en ms es: 261.910334
2022-11-02 17:07:56,070 Rosen.vns - Funcion:Rosen
2022-11-02 17:07:56,070 Rosen.vns - RangoInf: -5.0
2022-11-02 17:07:56,070 Rosen.vns - RangoSup: 10.0
2022-11-02 17:07:56,070 Rosen.vns - El coste del algoritmo ma es:91.38335369096353
2022-11-02 17:07:56,070 Rosen.vns - El numero de iteraciones recorridas es:1000
2022-11-02 17:07:56,070 Rosen.vns - El vector seria: [7.997943381691297, 5.815308336166462, -1.8904382308570171, -4.094595367432408, 4.489262212762629, 0.5754478810514598, 7.71480250602391, -1.5029111754177094, 1.092793066648058, 5.948465887093697]
2022-11-02 17:07:56,070 Rosen.vns - La semilla es:22776589
2022-11-02 17:07:56,070 Rosen.vns - Empieza ejecucion MULTIARRANQUE: 
2022-11-02 17:07:56,320 Rosen.vns - El tiempo total de ejecucion en ms es: 250.252667
2022-11-02 17:07:56,320 Rosen.vns - Funcion:Rosen
2022-11-02 17:07:56,320 Rosen.vns - RangoInf: -5.0
2022-11-02 17:07:56,320 Rosen.vns - RangoSup: 10.0
2022-11-02 17:07:56,320 Rosen.vns - El coste del algoritmo ma es:120.971064107236
2022-11-02 17:07:56,320 Rosen.vns - El numero de iteraciones recorridas es:1000
2022-11-02 17:07:56,320 Rosen.vns - El vector seria: [4.447048172771572, 4.424235844209267, 9.493539433746259, -2.2464784801038085, 7.713580733691897, 8.331626350065878, 9.618857357219586, 7.953198619926177, 2.031829583891768, 5.4658635446867745]
2022-11-02 17:07:56,320 Rosen.vns - La semilla es:92277658
